#
# A fatal error has been detected by the Java Runtime Environment:
#
#  EXCEPTION_ACCESS_VIOLATION (0xc0000005) at pc=0x00007ffd08aac21d, pid=15740, tid=26524
#
# JRE version: Java(TM) SE Runtime Environment (11.0.2+9) (build 11.0.2+9-LTS)
# Java VM: Java HotSpot(TM) 64-Bit Server VM (11.0.2+9-LTS, mixed mode, tiered, compressed oops, g1 gc, windows-amd64)
# Problematic frame:
# C  [msctfuimanager.dll+0xc21d]
#
# No core dump will be written. Minidumps are not enabled by default on client versions of Windows
#
# If you would like to submit a bug report, please visit:
#   http://bugreport.java.com/bugreport/crash.jsp
# The crash happened outside the Java Virtual Machine in native code.
# See problematic frame for where to report the bug.
#

---------------  S U M M A R Y ------------

Command Line: -Dfile.encoding=GBK --module-path=D:\Program Files (x86)\javadev\workplace\ktvManger\lib\mssql-jdbc-7.0.0.jre8.jar main.Test_ktv_Manager

Host: Intel(R) Core(TM) i5-9300H CPU @ 2.40GHz, 8 cores, 7G,  Windows 10 , 64 bit Build 18362 (10.0.18362.1110)
Time: Thu Dec  3 16:31:13 2020 ?D1¨²¡À¨º¡Á?¨º¡À?? elapsed time: 11 seconds (0d 0h 0m 11s)

---------------  T H R E A D  ---------------

Current thread (0x000001ea00fdb000):  JavaThread "AWT-Windows" daemon [_thread_in_native, id=26524, stack(0x0000005523e00000,0x0000005523f00000)]

Stack: [0x0000005523e00000,0x0000005523f00000],  sp=0x0000005523efd8c0,  free space=1014k
Native frames: (J=compiled Java code, j=interpreted, Vv=VM code, C=native code)
C  [msctfuimanager.dll+0xc21d]

Java frames: (J=compiled Java code, j=interpreted, Vv=VM code)
j  sun.awt.windows.WToolkit.eventLoop()V+0 java.desktop@11.0.2
j  sun.awt.windows.WToolkit.run()V+50 java.desktop@11.0.2
j  java.lang.Thread.run()V+11 java.base@11.0.2
v  ~StubRoutines::call_stub

siginfo: EXCEPTION_ACCESS_VIOLATION (0xc0000005), reading address 0x00000000ffff216b


Register to memory mapping:

RIP=0x00007ffd08aac21d msctfuimanager.dll
RAX=
[error occurred during error reporting (printing register info), id 0xc0000005, EXCEPTION_ACCESS_VIOLATION (0xc0000005) at pc=0x00007ffcf1622eb6]

Registers:
RAX=0x00000000ffff2153, RBX=0x000001ea0603fa80, RCX=0x000001ea00e67070, RDX=0x0000005523efd920
RSP=0x0000005523efd8c0, RBP=0x0000005523efd900, RSI=0x000001ea00e67070, RDI=0x000001ea00e67070
R8 =0x0000005523efd7e8, R9 =0x0000005523efd850, R10=0x0000000000000000, R11=0x0000000000000246
R12=0x0000000000000000, R13=0x000001ea0602a918, R14=0x0000000000000050, R15=0x0000005523efddb0
RIP=0x00007ffd08aac21d, EFLAGS=0x0000000000010246

Top of Stack: (sp=0x0000005523efd8c0)
0x0000005523efd8c0:   0000000700000e65 0000005500000000
0x0000005523efd8d0:   0000005523efddb0 0000000000000050
0x0000005523efd8e0:   0000000000000804 00007ffd08ab8bf2
0x0000005523efd8f0:   0000000000000000 0000000000000804
0x0000005523efd900:   000001ea00e67070 000001ea0603fa80
0x0000005523efd910:   0000005523efda20 00007ffd08aab7b1
0x0000005523efd920:   000001ea00000000 0000000000000000
0x0000005523efd930:   0000005523efda20 000001ea0603fa80
0x0000005523efd940:   0000005500000000 0000000000000000
0x0000005523efd950:   0000d57dbafaff5a 0000005523efda50
0x0000005523efd960:   000001ea00e67070 0000000000000000
0x0000005523efd970:   0000005523ef0804 00007ffd08ab0715
0x0000005523efd980:   0000000000000000 00007ffd08af3200
0x0000005523efd990:   0000005523efddb0 0000005523efddc8
0x0000005523efd9a0:   0000000000000e65 0000000000000007
0x0000005523efd9b0:   0000000000000001 000001ea0603fc64 

Instructions: (pc=0x00007ffd08aac21d)
0x00007ffd08aac1fd:   09 00 00 44 8b cb e8 98 61 ff ff 8b c3 e9 3b 01
0x00007ffd08aac20d:   00 00 48 8b 02 48 8b ce 83 65 20 00 48 8d 55 20
0x00007ffd08aac21d:   48 8b 40 18 ff 15 59 18 04 00 8b f8 85 c0 79 1d
0x00007ffd08aac22d:   48 8b 4d 18 4c 8d 05 68 37 04 00 44 8b c8 ba ae 


Stack slot to memory mapping:
stack at sp + 0 slots: 0x0000000700000e65 is an unknown value
stack at sp + 1 slots: 0x0000005500000000 is an unknown value
stack at sp + 2 slots: 0x0000005523efddb0 is pointing into the stack for thread: 0x000001ea00fdb000
stack at sp + 3 slots: 0x0000000000000050 is an unknown value
stack at sp + 4 slots: 0x0000000000000804 is an unknown value
stack at sp + 5 slots: 0x00007ffd08ab8bf2 msctfuimanager.dll
stack at sp + 6 slots: 0x0 is NULL
stack at sp + 7 slots: 0x0000000000000804 is an unknown value


---------------  P R O C E S S  ---------------

Threads class SMR info:
_java_thread_list=0x000001ea01563100, length=17, elements={
0x000001ea001e4000, 0x000001ea001dc800, 0x000001ea001f9800, 0x000001ea001fa800,
0x000001ea001fc800, 0x000001ea00a4f800, 0x000001ea00a54000, 0x000001ea00bce800,
0x000001ea00dca000, 0x000001ea010c3800, 0x000001ea0104a800, 0x000001ea00fdb000,
0x000001ea015c8800, 0x000001ea614a6000, 0x000001ea090f1800, 0x000001ea08a0a800,
0x000001ea089fe800
}

Java Threads: ( => current thread )
  0x000001ea001e4000 JavaThread "Reference Handler" daemon [_thread_blocked, id=25920, stack(0x0000005523100000,0x0000005523200000)]
  0x000001ea001dc800 JavaThread "Finalizer" daemon [_thread_blocked, id=21532, stack(0x0000005523200000,0x0000005523300000)]
  0x000001ea001f9800 JavaThread "Signal Dispatcher" daemon [_thread_blocked, id=15704, stack(0x0000005523300000,0x0000005523400000)]
  0x000001ea001fa800 JavaThread "Attach Listener" daemon [_thread_blocked, id=13396, stack(0x0000005523400000,0x0000005523500000)]
  0x000001ea001fc800 JavaThread "C2 CompilerThread0" daemon [_thread_blocked, id=6516, stack(0x0000005523500000,0x0000005523600000)]
  0x000001ea00a4f800 JavaThread "C1 CompilerThread0" daemon [_thread_blocked, id=23432, stack(0x0000005523600000,0x0000005523700000)]
  0x000001ea00a54000 JavaThread "Sweeper thread" daemon [_thread_blocked, id=18112, stack(0x0000005523700000,0x0000005523800000)]
  0x000001ea00bce800 JavaThread "Common-Cleaner" daemon [_thread_blocked, id=12612, stack(0x0000005523800000,0x0000005523900000)]
  0x000001ea00dca000 JavaThread "Service Thread" daemon [_thread_blocked, id=2300, stack(0x0000005523a00000,0x0000005523b00000)]
  0x000001ea010c3800 JavaThread "Java2D Disposer" daemon [_thread_blocked, id=17844, stack(0x0000005523c00000,0x0000005523d00000)]
  0x000001ea0104a800 JavaThread "AWT-Shutdown" [_thread_blocked, id=24236, stack(0x0000005523d00000,0x0000005523e00000)]
=>0x000001ea00fdb000 JavaThread "AWT-Windows" daemon [_thread_in_native, id=26524, stack(0x0000005523e00000,0x0000005523f00000)]
  0x000001ea015c8800 JavaThread "AWT-EventQueue-0" [_thread_in_native, id=27508, stack(0x0000005524100000,0x0000005524200000)]
  0x000001ea614a6000 JavaThread "DestroyJavaVM" [_thread_blocked, id=20876, stack(0x0000005522a00000,0x0000005522b00000)]
  0x000001ea090f1800 JavaThread "D3D Screen Updater" daemon [_thread_blocked, id=26932, stack(0x0000005524500000,0x0000005524600000)]
  0x000001ea08a0a800 JavaThread "TimerQueue" daemon [_thread_blocked, id=17848, stack(0x0000005524600000,0x0000005524700000)]
  0x000001ea089fe800 JavaThread "Image Fetcher 0" daemon [_thread_blocked, id=27012, stack(0x0000005524700000,0x0000005524800000)]

Other Threads:
  0x000001ea001ae800 VMThread "VM Thread" [stack: 0x0000005523000000,0x0000005523100000] [id=25480]
  0x000001ea00dd9000 WatcherThread [stack: 0x0000005523b00000,0x0000005523c00000] [id=21384]
  0x000001ea614bc800 GCTaskThread "GC Thread#0" [stack: 0x0000005522b00000,0x0000005522c00000] [id=22168]
  0x000001ea614ed800 ConcurrentGCThread "G1 Main Marker" [stack: 0x0000005522c00000,0x0000005522d00000] [id=10468]
  0x000001ea614ef000 ConcurrentGCThread "G1 Conc#0" [stack: 0x0000005522d00000,0x0000005522e00000] [id=22776]
  0x000001ea00013800 ConcurrentGCThread "G1 Refine#0" [stack: 0x0000005522e00000,0x0000005522f00000] [id=18956]
  0x000001ea00014000 ConcurrentGCThread "G1 Young RemSet Sampling" [stack: 0x0000005522f00000,0x0000005523000000] [id=3856]

Threads with active compile tasks:

VM state:not at safepoint (normal execution)

VM Mutex/Monitor currently owned by a thread: None

Heap address: 0x0000000081200000, size: 2030 MB, Compressed Oops mode: 32-bit
Narrow klass base: 0x0000000000000000, Narrow klass shift: 3
Compressed class space size: 1073741824 Address: 0x0000000100000000

Heap:
 garbage-first heap   total 131072K, used 20480K [0x0000000081200000, 0x0000000100000000)
  region size 1024K, 18 young (18432K), 0 survivors (0K)
 Metaspace       used 20340K, capacity 20836K, committed 20992K, reserved 1067008K
  class space    used 2264K, capacity 2481K, committed 2560K, reserved 1048576K
Heap Regions: E=young(eden), S=young(survivor), O=old, HS=humongous(starts), HC=humongous(continues), CS=collection set, F=free, A=archive, TAMS=top-at-mark-start (previous, next)
|   0|0x0000000081200000, 0x0000000081300000, 0x0000000081300000|100%|HS|  |TAMS 0x0000000081200000, 0x0000000081200000| Complete 
|   1|0x0000000081300000, 0x0000000081400000, 0x0000000081400000|100%|HS|  |TAMS 0x0000000081300000, 0x0000000081300000| Complete 
|   2|0x0000000081400000, 0x0000000081500000, 0x0000000081500000|100%|HS|  |TAMS 0x0000000081400000, 0x0000000081400000| Complete 
|   3|0x0000000081500000, 0x0000000081600000, 0x0000000081600000|100%|HS|  |TAMS 0x0000000081500000, 0x0000000081500000| Complete 
|   4|0x0000000081600000, 0x0000000081600000, 0x0000000081700000|  0%| F|  |TAMS 0x0000000081600000, 0x0000000081600000| Untracked 
|   5|0x0000000081700000, 0x0000000081700000, 0x0000000081800000|  0%| F|  |TAMS 0x0000000081700000, 0x0000000081700000| Untracked 
|   6|0x0000000081800000, 0x0000000081800000, 0x0000000081900000|  0%| F|  |TAMS 0x0000000081800000, 0x0000000081800000| Untracked 
|   7|0x0000000081900000, 0x0000000081900000, 0x0000000081a00000|  0%| F|  |TAMS 0x0000000081900000, 0x0000000081900000| Untracked 
|   8|0x0000000081a00000, 0x0000000081a00000, 0x0000000081b00000|  0%| F|  |TAMS 0x0000000081a00000, 0x0000000081a00000| Untracked 
|   9|0x0000000081b00000, 0x0000000081b00000, 0x0000000081c00000|  0%| F|  |TAMS 0x0000000081b00000, 0x0000000081b00000| Untracked 
|  10|0x0000000081c00000, 0x0000000081c00000, 0x0000000081d00000|  0%| F|  |TAMS 0x0000000081c00000, 0x0000000081c00000| Untracked 
|  11|0x0000000081d00000, 0x0000000081d00000, 0x0000000081e00000|  0%| F|  |TAMS 0x0000000081d00000, 0x0000000081d00000| Untracked 
|  12|0x0000000081e00000, 0x0000000081e00000, 0x0000000081f00000|  0%| F|  |TAMS 0x0000000081e00000, 0x0000000081e00000| Untracked 
|  13|0x0000000081f00000, 0x0000000081f00000, 0x0000000082000000|  0%| F|  |TAMS 0x0000000081f00000, 0x0000000081f00000| Untracked 
|  14|0x0000000082000000, 0x0000000082000000, 0x0000000082100000|  0%| F|  |TAMS 0x0000000082000000, 0x0000000082000000| Untracked 
|  15|0x0000000082100000, 0x0000000082100000, 0x0000000082200000|  0%| F|  |TAMS 0x0000000082100000, 0x0000000082100000| Untracked 
|  16|0x0000000082200000, 0x0000000082200000, 0x0000000082300000|  0%| F|  |TAMS 0x0000000082200000, 0x0000000082200000| Untracked 
|  17|0x0000000082300000, 0x0000000082300000, 0x0000000082400000|  0%| F|  |TAMS 0x0000000082300000, 0x0000000082300000| Untracked 
|  18|0x0000000082400000, 0x0000000082400000, 0x0000000082500000|  0%| F|  |TAMS 0x0000000082400000, 0x0000000082400000| Untracked 
|  19|0x0000000082500000, 0x0000000082500000, 0x0000000082600000|  0%| F|  |TAMS 0x0000000082500000, 0x0000000082500000| Untracked 
|  20|0x0000000082600000, 0x0000000082600000, 0x0000000082700000|  0%| F|  |TAMS 0x0000000082600000, 0x0000000082600000| Untracked 
|  21|0x0000000082700000, 0x0000000082700000, 0x0000000082800000|  0%| F|  |TAMS 0x0000000082700000, 0x0000000082700000| Untracked 
|  22|0x0000000082800000, 0x0000000082800000, 0x0000000082900000|  0%| F|  |TAMS 0x0000000082800000, 0x0000000082800000| Untracked 
|  23|0x0000000082900000, 0x0000000082900000, 0x0000000082a00000|  0%| F|  |TAMS 0x0000000082900000, 0x0000000082900000| Untracked 
|  24|0x0000000082a00000, 0x0000000082a00000, 0x0000000082b00000|  0%| F|  |TAMS 0x0000000082a00000, 0x0000000082a00000| Untracked 
|  25|0x0000000082b00000, 0x0000000082b00000, 0x0000000082c00000|  0%| F|  |TAMS 0x0000000082b00000, 0x0000000082b00000| Untracked 
|  26|0x0000000082c00000, 0x0000000082c00000, 0x0000000082d00000|  0%| F|  |TAMS 0x0000000082c00000, 0x0000000082c00000| Untracked 
|  27|0x0000000082d00000, 0x0000000082d00000, 0x0000000082e00000|  0%| F|  |TAMS 0x0000000082d00000, 0x0000000082d00000| Untracked 
|  28|0x0000000082e00000, 0x0000000082e00000, 0x0000000082f00000|  0%| F|  |TAMS 0x0000000082e00000, 0x0000000082e00000| Untracked 
|  29|0x0000000082f00000, 0x0000000082f00000, 0x0000000083000000|  0%| F|  |TAMS 0x0000000082f00000, 0x0000000082f00000| Untracked 
|  30|0x0000000083000000, 0x0000000083000000, 0x0000000083100000|  0%| F|  |TAMS 0x0000000083000000, 0x0000000083000000| Untracked 
|  31|0x0000000083100000, 0x0000000083100000, 0x0000000083200000|  0%| F|  |TAMS 0x0000000083100000, 0x0000000083100000| Untracked 
|  32|0x0000000083200000, 0x0000000083200000, 0x0000000083300000|  0%| F|  |TAMS 0x0000000083200000, 0x0000000083200000| Untracked 
|  33|0x0000000083300000, 0x0000000083300000, 0x0000000083400000|  0%| F|  |TAMS 0x0000000083300000, 0x0000000083300000| Untracked 
|  34|0x0000000083400000, 0x0000000083400000, 0x0000000083500000|  0%| F|  |TAMS 0x0000000083400000, 0x0000000083400000| Untracked 
|  35|0x0000000083500000, 0x0000000083500000, 0x0000000083600000|  0%| F|  |TAMS 0x0000000083500000, 0x0000000083500000| Untracked 
|  36|0x0000000083600000, 0x0000000083600000, 0x0000000083700000|  0%| F|  |TAMS 0x0000000083600000, 0x0000000083600000| Untracked 
|  37|0x0000000083700000, 0x0000000083700000, 0x0000000083800000|  0%| F|  |TAMS 0x0000000083700000, 0x0000000083700000| Untracked 
|  38|0x0000000083800000, 0x0000000083800000, 0x0000000083900000|  0%| F|  |TAMS 0x0000000083800000, 0x0000000083800000| Untracked 
|  39|0x0000000083900000, 0x0000000083900000, 0x0000000083a00000|  0%| F|  |TAMS 0x0000000083900000, 0x0000000083900000| Untracked 
|  40|0x0000000083a00000, 0x0000000083a00000, 0x0000000083b00000|  0%| F|  |TAMS 0x0000000083a00000, 0x0000000083a00000| Untracked 
|  41|0x0000000083b00000, 0x0000000083b00000, 0x0000000083c00000|  0%| F|  |TAMS 0x0000000083b00000, 0x0000000083b00000| Untracked 
|  42|0x0000000083c00000, 0x0000000083c00000, 0x0000000083d00000|  0%| F|  |TAMS 0x0000000083c00000, 0x0000000083c00000| Untracked 
|  43|0x0000000083d00000, 0x0000000083d00000, 0x0000000083e00000|  0%| F|  |TAMS 0x0000000083d00000, 0x0000000083d00000| Untracked 
|  44|0x0000000083e00000, 0x0000000083e00000, 0x0000000083f00000|  0%| F|  |TAMS 0x0000000083e00000, 0x0000000083e00000| Untracked 
|  45|0x0000000083f00000, 0x0000000083f00000, 0x0000000084000000|  0%| F|  |TAMS 0x0000000083f00000, 0x0000000083f00000| Untracked 
|  46|0x0000000084000000, 0x0000000084000000, 0x0000000084100000|  0%| F|  |TAMS 0x0000000084000000, 0x0000000084000000| Untracked 
|  47|0x0000000084100000, 0x0000000084100000, 0x0000000084200000|  0%| F|  |TAMS 0x0000000084100000, 0x0000000084100000| Untracked 
|  48|0x0000000084200000, 0x0000000084200000, 0x0000000084300000|  0%| F|  |TAMS 0x0000000084200000, 0x0000000084200000| Untracked 
|  49|0x0000000084300000, 0x0000000084300000, 0x0000000084400000|  0%| F|  |TAMS 0x0000000084300000, 0x0000000084300000| Untracked 
|  50|0x0000000084400000, 0x0000000084400000, 0x0000000084500000|  0%| F|  |TAMS 0x0000000084400000, 0x0000000084400000| Untracked 
|  51|0x0000000084500000, 0x0000000084500000, 0x0000000084600000|  0%| F|  |TAMS 0x0000000084500000, 0x0000000084500000| Untracked 
|  52|0x0000000084600000, 0x0000000084600000, 0x0000000084700000|  0%| F|  |TAMS 0x0000000084600000, 0x0000000084600000| Untracked 
|  53|0x0000000084700000, 0x0000000084700000, 0x0000000084800000|  0%| F|  |TAMS 0x0000000084700000, 0x0000000084700000| Untracked 
|  54|0x0000000084800000, 0x0000000084800000, 0x0000000084900000|  0%| F|  |TAMS 0x0000000084800000, 0x0000000084800000| Untracked 
|  55|0x0000000084900000, 0x0000000084900000, 0x0000000084a00000|  0%| F|  |TAMS 0x0000000084900000, 0x0000000084900000| Untracked 
|  56|0x0000000084a00000, 0x0000000084a00000, 0x0000000084b00000|  0%| F|  |TAMS 0x0000000084a00000, 0x0000000084a00000| Untracked 
|  57|0x0000000084b00000, 0x0000000084b00000, 0x0000000084c00000|  0%| F|  |TAMS 0x0000000084b00000, 0x0000000084b00000| Untracked 
|  58|0x0000000084c00000, 0x0000000084c00000, 0x0000000084d00000|  0%| F|  |TAMS 0x0000000084c00000, 0x0000000084c00000| Untracked 
|  59|0x0000000084d00000, 0x0000000084d00000, 0x0000000084e00000|  0%| F|  |TAMS 0x0000000084d00000, 0x0000000084d00000| Untracked 
|  60|0x0000000084e00000, 0x0000000084e00000, 0x0000000084f00000|  0%| F|  |TAMS 0x0000000084e00000, 0x0000000084e00000| Untracked 
|  61|0x0000000084f00000, 0x0000000084f00000, 0x0000000085000000|  0%| F|  |TAMS 0x0000000084f00000, 0x0000000084f00000| Untracked 
|  62|0x0000000085000000, 0x0000000085000000, 0x0000000085100000|  0%| F|  |TAMS 0x0000000085000000, 0x0000000085000000| Untracked 
|  63|0x0000000085100000, 0x0000000085100000, 0x0000000085200000|  0%| F|  |TAMS 0x0000000085100000, 0x0000000085100000| Untracked 
|  64|0x0000000085200000, 0x0000000085200000, 0x0000000085300000|  0%| F|  |TAMS 0x0000000085200000, 0x0000000085200000| Untracked 
|  65|0x0000000085300000, 0x0000000085300000, 0x0000000085400000|  0%| F|  |TAMS 0x0000000085300000, 0x0000000085300000| Untracked 
|  66|0x0000000085400000, 0x0000000085400000, 0x0000000085500000|  0%| F|  |TAMS 0x0000000085400000, 0x0000000085400000| Untracked 
|  67|0x0000000085500000, 0x0000000085500000, 0x0000000085600000|  0%| F|  |TAMS 0x0000000085500000, 0x0000000085500000| Untracked 
|  68|0x0000000085600000, 0x0000000085600000, 0x0000000085700000|  0%| F|  |TAMS 0x0000000085600000, 0x0000000085600000| Untracked 
|  69|0x0000000085700000, 0x0000000085700000, 0x0000000085800000|  0%| F|  |TAMS 0x0000000085700000, 0x0000000085700000| Untracked 
|  70|0x0000000085800000, 0x0000000085800000, 0x0000000085900000|  0%| F|  |TAMS 0x0000000085800000, 0x0000000085800000| Untracked 
|  71|0x0000000085900000, 0x0000000085900000, 0x0000000085a00000|  0%| F|  |TAMS 0x0000000085900000, 0x0000000085900000| Untracked 
|  72|0x0000000085a00000, 0x0000000085a00000, 0x0000000085b00000|  0%| F|  |TAMS 0x0000000085a00000, 0x0000000085a00000| Untracked 
|  73|0x0000000085b00000, 0x0000000085b00000, 0x0000000085c00000|  0%| F|  |TAMS 0x0000000085b00000, 0x0000000085b00000| Untracked 
|  74|0x0000000085c00000, 0x0000000085c00000, 0x0000000085d00000|  0%| F|  |TAMS 0x0000000085c00000, 0x0000000085c00000| Untracked 
|  75|0x0000000085d00000, 0x0000000085d00000, 0x0000000085e00000|  0%| F|  |TAMS 0x0000000085d00000, 0x0000000085d00000| Untracked 
|  76|0x0000000085e00000, 0x0000000085e00000, 0x0000000085f00000|  0%| F|  |TAMS 0x0000000085e00000, 0x0000000085e00000| Untracked 
|  77|0x0000000085f00000, 0x0000000085f00000, 0x0000000086000000|  0%| F|  |TAMS 0x0000000085f00000, 0x0000000085f00000| Untracked 
|  78|0x0000000086000000, 0x0000000086000000, 0x0000000086100000|  0%| F|  |TAMS 0x0000000086000000, 0x0000000086000000| Untracked 
|  79|0x0000000086100000, 0x0000000086100000, 0x0000000086200000|  0%| F|  |TAMS 0x0000000086100000, 0x0000000086100000| Untracked 
|  80|0x0000000086200000, 0x0000000086200000, 0x0000000086300000|  0%| F|  |TAMS 0x0000000086200000, 0x0000000086200000| Untracked 
|  81|0x0000000086300000, 0x0000000086300000, 0x0000000086400000|  0%| F|  |TAMS 0x0000000086300000, 0x0000000086300000| Untracked 
|  82|0x0000000086400000, 0x0000000086400000, 0x0000000086500000|  0%| F|  |TAMS 0x0000000086400000, 0x0000000086400000| Untracked 
|  83|0x0000000086500000, 0x0000000086500000, 0x0000000086600000|  0%| F|  |TAMS 0x0000000086500000, 0x0000000086500000| Untracked 
|  84|0x0000000086600000, 0x0000000086600000, 0x0000000086700000|  0%| F|  |TAMS 0x0000000086600000, 0x0000000086600000| Untracked 
|  85|0x0000000086700000, 0x0000000086700000, 0x0000000086800000|  0%| F|  |TAMS 0x0000000086700000, 0x0000000086700000| Untracked 
|  86|0x0000000086800000, 0x0000000086800000, 0x0000000086900000|  0%| F|  |TAMS 0x0000000086800000, 0x0000000086800000| Untracked 
|  87|0x0000000086900000, 0x0000000086900000, 0x0000000086a00000|  0%| F|  |TAMS 0x0000000086900000, 0x0000000086900000| Untracked 
|  88|0x0000000086a00000, 0x0000000086a00000, 0x0000000086b00000|  0%| F|  |TAMS 0x0000000086a00000, 0x0000000086a00000| Untracked 
|  89|0x0000000086b00000, 0x0000000086b00000, 0x0000000086c00000|  0%| F|  |TAMS 0x0000000086b00000, 0x0000000086b00000| Untracked 
|  90|0x0000000086c00000, 0x0000000086c00000, 0x0000000086d00000|  0%| F|  |TAMS 0x0000000086c00000, 0x0000000086c00000| Untracked 
|  91|0x0000000086d00000, 0x0000000086d00000, 0x0000000086e00000|  0%| F|  |TAMS 0x0000000086d00000, 0x0000000086d00000| Untracked 
|  92|0x0000000086e00000, 0x0000000086e00000, 0x0000000086f00000|  0%| F|  |TAMS 0x0000000086e00000, 0x0000000086e00000| Untracked 
|  93|0x0000000086f00000, 0x0000000086f00000, 0x0000000087000000|  0%| F|  |TAMS 0x0000000086f00000, 0x0000000086f00000| Untracked 
|  94|0x0000000087000000, 0x0000000087000000, 0x0000000087100000|  0%| F|  |TAMS 0x0000000087000000, 0x0000000087000000| Untracked 
|  95|0x0000000087100000, 0x0000000087100000, 0x0000000087200000|  0%| F|  |TAMS 0x0000000087100000, 0x0000000087100000| Untracked 
|  96|0x0000000087200000, 0x0000000087200000, 0x0000000087300000|  0%| F|  |TAMS 0x0000000087200000, 0x0000000087200000| Untracked 
|  97|0x0000000087300000, 0x0000000087300000, 0x0000000087400000|  0%| F|  |TAMS 0x0000000087300000, 0x0000000087300000| Untracked 
|  98|0x0000000087400000, 0x0000000087400000, 0x0000000087500000|  0%| F|  |TAMS 0x0000000087400000, 0x0000000087400000| Untracked 
|  99|0x0000000087500000, 0x0000000087500000, 0x0000000087600000|  0%| F|  |TAMS 0x0000000087500000, 0x0000000087500000| Untracked 
| 100|0x0000000087600000, 0x0000000087600000, 0x0000000087700000|  0%| F|  |TAMS 0x0000000087600000, 0x0000000087600000| Untracked 
| 101|0x0000000087700000, 0x0000000087700000, 0x0000000087800000|  0%| F|  |TAMS 0x0000000087700000, 0x0000000087700000| Untracked 
| 102|0x0000000087800000, 0x0000000087800000, 0x0000000087900000|  0%| F|  |TAMS 0x0000000087800000, 0x0000000087800000| Untracked 
| 103|0x0000000087900000, 0x0000000087900000, 0x0000000087a00000|  0%| F|  |TAMS 0x0000000087900000, 0x0000000087900000| Untracked 
| 104|0x0000000087a00000, 0x0000000087a00000, 0x0000000087b00000|  0%| F|  |TAMS 0x0000000087a00000, 0x0000000087a00000| Untracked 
| 105|0x0000000087b00000, 0x0000000087b00000, 0x0000000087c00000|  0%| F|  |TAMS 0x0000000087b00000, 0x0000000087b00000| Untracked 
| 106|0x0000000087c00000, 0x0000000087c00000, 0x0000000087d00000|  0%| F|  |TAMS 0x0000000087c00000, 0x0000000087c00000| Untracked 
| 107|0x0000000087d00000, 0x0000000087d00000, 0x0000000087e00000|  0%| F|  |TAMS 0x0000000087d00000, 0x0000000087d00000| Untracked 
| 108|0x0000000087e00000, 0x0000000087e00000, 0x0000000087f00000|  0%| F|  |TAMS 0x0000000087e00000, 0x0000000087e00000| Untracked 
| 109|0x0000000087f00000, 0x0000000087f00000, 0x0000000088000000|  0%| F|  |TAMS 0x0000000087f00000, 0x0000000087f00000| Untracked 
| 110|0x0000000088000000, 0x00000000880f6518, 0x0000000088100000| 96%| E|  |TAMS 0x0000000088000000, 0x0000000088000000| Complete 
| 111|0x0000000088100000, 0x0000000088200000, 0x0000000088200000|100%| E|CS|TAMS 0x0000000088100000, 0x0000000088100000| Complete 
| 112|0x0000000088200000, 0x0000000088300000, 0x0000000088300000|100%| E|  |TAMS 0x0000000088200000, 0x0000000088200000| Complete 
| 113|0x0000000088300000, 0x0000000088400000, 0x0000000088400000|100%| E|CS|TAMS 0x0000000088300000, 0x0000000088300000| Complete 
| 114|0x0000000088400000, 0x0000000088500000, 0x0000000088500000|100%| E|CS|TAMS 0x0000000088400000, 0x0000000088400000| Complete 
| 115|0x0000000088500000, 0x0000000088600000, 0x0000000088600000|100%| E|CS|TAMS 0x0000000088500000, 0x0000000088500000| Complete 
| 116|0x0000000088600000, 0x0000000088700000, 0x0000000088700000|100%| E|CS|TAMS 0x0000000088600000, 0x0000000088600000| Complete 
| 117|0x0000000088700000, 0x0000000088800000, 0x0000000088800000|100%| E|CS|TAMS 0x0000000088700000, 0x0000000088700000| Complete 
| 118|0x0000000088800000, 0x0000000088900000, 0x0000000088900000|100%| E|CS|TAMS 0x0000000088800000, 0x0000000088800000| Complete 
| 119|0x0000000088900000, 0x0000000088a00000, 0x0000000088a00000|100%| E|CS|TAMS 0x0000000088900000, 0x0000000088900000| Complete 
| 120|0x0000000088a00000, 0x0000000088b00000, 0x0000000088b00000|100%| E|CS|TAMS 0x0000000088a00000, 0x0000000088a00000| Complete 
| 121|0x0000000088b00000, 0x0000000088c00000, 0x0000000088c00000|100%| E|CS|TAMS 0x0000000088b00000, 0x0000000088b00000| Complete 
| 122|0x0000000088c00000, 0x0000000088d00000, 0x0000000088d00000|100%| E|CS|TAMS 0x0000000088c00000, 0x0000000088c00000| Complete 
| 123|0x0000000088d00000, 0x0000000088e00000, 0x0000000088e00000|100%| E|CS|TAMS 0x0000000088d00000, 0x0000000088d00000| Complete 
| 124|0x0000000088e00000, 0x0000000088f00000, 0x0000000088f00000|100%| E|CS|TAMS 0x0000000088e00000, 0x0000000088e00000| Complete 
| 125|0x0000000088f00000, 0x0000000089000000, 0x0000000089000000|100%| E|CS|TAMS 0x0000000088f00000, 0x0000000088f00000| Complete 
| 126|0x0000000089000000, 0x0000000089100000, 0x0000000089100000|100%| E|CS|TAMS 0x0000000089000000, 0x0000000089000000| Complete 
| 127|0x0000000089100000, 0x0000000089200000, 0x0000000089200000|100%| E|CS|TAMS 0x0000000089100000, 0x0000000089100000| Complete 

Card table byte_map: [0x000001ea78f00000,0x000001ea79300000] _byte_map_base: 0x000001ea78af7000

Marking Bits (Prev, Next): (CMBitMap*) 0x000001ea614e3e68, (CMBitMap*) 0x000001ea614e3ea0
 Prev Bits: [0x000001ea79700000, 0x000001ea7b6b8000)
 Next Bits: [0x000001ea7b6c0000, 0x000001ea7d678000)

Polling page: 0x000001ea5f300000

Metaspace:

Usage:
  Non-class:     17.92 MB capacity,    17.65 MB ( 98%) used,   224.48 KB (  1%) free+waste,    54.44 KB ( <1%) overhead. 
      Class:      2.42 MB capacity,     2.21 MB ( 91%) used,   188.22 KB (  8%) free+waste,    28.06 KB (  1%) overhead. 
       Both:     20.35 MB capacity,    19.86 MB ( 98%) used,   412.70 KB (  2%) free+waste,    82.50 KB ( <1%) overhead. 

Virtual space:
  Non-class space:       18.00 MB reserved,      18.00 MB (100%) committed 
      Class space:        1.00 GB reserved,       2.50 MB ( <1%) committed 
             Both:        1.02 GB reserved,      20.50 MB (  2%) committed 

Chunk freelists:
   Non-Class:  1.63 KB
       Class:  1.88 KB
        Both:  3.50 KB

CodeHeap 'non-profiled nmethods': size=120000Kb used=513Kb max_used=513Kb free=119486Kb
 bounds [0x000001ea712a0000, 0x000001ea71510000, 0x000001ea787d0000]
CodeHeap 'profiled nmethods': size=120000Kb used=2779Kb max_used=2779Kb free=117220Kb
 bounds [0x000001ea69d70000, 0x000001ea6a030000, 0x000001ea712a0000]
CodeHeap 'non-nmethods': size=5760Kb used=1252Kb max_used=1268Kb free=4507Kb
 bounds [0x000001ea697d0000, 0x000001ea69a40000, 0x000001ea69d70000]
 total_blobs=2539 nmethods=1643 adapters=555
 compilation: enabled
              stopped_count=0, restarted_count=0
 full_count=0

Compilation events (10 events):
Event: 11.605 Thread 0x000001ea00a4f800 1639       1       sun.awt.windows.WObjectPeer::getTarget (5 bytes)
Event: 11.605 Thread 0x000001ea00a4f800 nmethod 1639 0x000001ea7131ff10 code [0x000001ea713200c0, 0x000001ea713201d8]
Event: 11.605 Thread 0x000001ea00a4f800 1640       3       javax.swing.RepaintManager::currentManager (5 bytes)
Event: 11.605 Thread 0x000001ea00a4f800 nmethod 1640 0x000001ea6a025b90 code [0x000001ea6a025d60, 0x000001ea6a025f60]
Event: 11.605 Thread 0x000001ea00a4f800 1641       3       javax.swing.RepaintManager::currentManager (7 bytes)
Event: 11.605 Thread 0x000001ea00a4f800 nmethod 1641 0x000001ea6a026010 code [0x000001ea6a0261e0, 0x000001ea6a026380]
Event: 11.605 Thread 0x000001ea00a4f800 1642       3       sun.java2d.pipe.ValidatePipe::fillRect (25 bytes)
Event: 11.605 Thread 0x000001ea00a4f800 nmethod 1642 0x000001ea6a026410 code [0x000001ea6a026620, 0x000001ea6a026b50]
Event: 11.605 Thread 0x000001ea00a4f800 1643       1       sun.java2d.d3d.D3DGraphicsConfig::getD3DDevice (5 bytes)
Event: 11.605 Thread 0x000001ea00a4f800 nmethod 1643 0x000001ea71320290 code [0x000001ea71320440, 0x000001ea71320558]

GC Heap History (0 events):
No events

Deoptimization events (10 events):
Event: 0.608 Thread 0x000001ea614a6000 Uncommon trap: reason=bimorphic_or_optimized_type_check action=maybe_recompile pc=0x000001ea712c1868 method=java.util.HashMap.getNode(ILjava/lang/Object;)Ljava/util/HashMap$Node; @ 126 c2
Event: 0.610 Thread 0x000001ea614a6000 Uncommon trap: reason=bimorphic_or_optimized_type_check action=maybe_recompile pc=0x000001ea712c1868 method=java.util.HashMap.getNode(ILjava/lang/Object;)Ljava/util/HashMap$Node; @ 126 c2
Event: 0.610 Thread 0x000001ea614a6000 Uncommon trap: reason=bimorphic_or_optimized_type_check action=maybe_recompile pc=0x000001ea712c1868 method=java.util.HashMap.getNode(ILjava/lang/Object;)Ljava/util/HashMap$Node; @ 126 c2
Event: 0.610 Thread 0x000001ea614a6000 Uncommon trap: reason=bimorphic_or_optimized_type_check action=maybe_recompile pc=0x000001ea712c1868 method=java.util.HashMap.getNode(ILjava/lang/Object;)Ljava/util/HashMap$Node; @ 126 c2
Event: 3.341 Thread 0x000001ea015c8800 Uncommon trap: reason=class_check action=maybe_recompile pc=0x000001ea712fd4e4 method=java.lang.String.equals(Ljava/lang/Object;)Z @ 8 c2
Event: 3.341 Thread 0x000001ea015c8800 Uncommon trap: reason=class_check action=maybe_recompile pc=0x000001ea712fd4e4 method=java.lang.String.equals(Ljava/lang/Object;)Z @ 8 c2
Event: 4.189 Thread 0x000001ea015c8800 Uncommon trap: reason=class_check action=maybe_recompile pc=0x000001ea712fd4e4 method=java.lang.String.equals(Ljava/lang/Object;)Z @ 8 c2
Event: 4.189 Thread 0x000001ea015c8800 Uncommon trap: reason=class_check action=maybe_recompile pc=0x000001ea712fd4e4 method=java.lang.String.equals(Ljava/lang/Object;)Z @ 8 c2
Event: 8.099 Thread 0x000001ea015c8800 Uncommon trap: reason=unstable_if action=reinterpret pc=0x000001ea712ee304 method=java.lang.String.indexOf(II)I @ 4 c2
Event: 9.740 Thread 0x000001ea015c8800 Uncommon trap: reason=intrinsic_or_type_checked_inlining action=make_not_entrant pc=0x000001ea71319278 method=java.util.Arrays.copyOf([Ljava/lang/Object;ILjava/lang/Class;)[Ljava/lang/Object; @ 35 c2

Classes redefined (0 events):
No events

Internal exceptions (10 events):
Event: 0.580 Thread 0x000001ea614a6000 Implicit null exception at 0x000001ea712c2e5e to 0x000001ea712c39ae
Event: 0.584 Thread 0x000001ea614a6000 Implicit null exception at 0x000001ea712ba12f to 0x000001ea712ba19d
Event: 0.644 Thread 0x000001ea614a6000 Exception <a 'java/io/FileNotFoundException'{0x00000000886c11f8}> (0x00000000886c11f8) thrown at [t:/workspace/open/src/hotspot/share/prims/jni.cpp, line 615]
Event: 0.644 Thread 0x000001ea614a6000 Exception <a 'java/lang/NullPointerException'{0x00000000886c1a58}> (0x00000000886c1a58) thrown at [t:/workspace/open/src/hotspot/share/interpreter/linkResolver.cpp, line 1354]
Event: 0.663 Thread 0x000001ea614a6000 Exception <a 'java/lang/NoSuchMethodError'{0x00000000885a7a90}: java.lang.invoke.DirectMethodHandle$Holder.invokeStatic(Ljava/lang/Object;Ljava/lang/Object;Ljava/lang/Object;Ljava/lang/Object;Ljava/lang/Object;Ljava/lang/Object;Ljava/lang/Object;Ljava/lan
Event: 0.663 Thread 0x000001ea614a6000 Exception <a 'java/lang/NoSuchMethodError'{0x00000000885c5c30}: java.lang.invoke.DirectMethodHandle$Holder.invokeStatic(Ljava/lang/Object;Ljava/lang/Object;Ljava/lang/Object;Ljava/lang/Object;Ljava/lang/Object;Ljava/lang/Object;Ljava/lang/Object;Ljava/lan
Event: 0.664 Thread 0x000001ea614a6000 Exception <a 'java/lang/NoSuchMethodError'{0x00000000885e4c60}: java.lang.invoke.DirectMethodHandle$Holder.invokeStatic(Ljava/lang/Object;Ljava/lang/Object;Ljava/lang/Object;Ljava/lang/Object;Ljava/lang/Object;Ljava/lang/Object;Ljava/lang/Object;Ljava/lan
Event: 0.665 Thread 0x000001ea614a6000 Exception <a 'java/lang/NoSuchMethodError'{0x0000000088405a28}: java.lang.invoke.DirectMethodHandle$Holder.invokeStatic(Ljava/lang/Object;Ljava/lang/Object;Ljava/lang/Object;Ljava/lang/Object;Ljava/lang/Object;Ljava/lang/Object;Ljava/lang/Object;Ljava/lan
Event: 0.693 Thread 0x000001ea614a6000 Exception <a 'java/lang/NoSuchMethodError'{0x00000000884582c8}: java.lang.invoke.DirectMethodHandle$Holder.invokeStaticInit(Ljava/lang/Object;)V> (0x00000000884582c8) thrown at [t:/workspace/open/src/hotspot/share/interpreter/linkResolver.cpp, line 772]
Event: 0.698 Thread 0x000001ea614a6000 Exception <a 'java/lang/NoSuchMethodError'{0x00000000884acaf8}: java.lang.invoke.Invokers$Holder.linkToTargetMethod(Ljava/lang/Object;ILjava/lang/Object;)Ljava/lang/Object;> (0x00000000884acaf8) thrown at [t:/workspace/open/src/hotspot/share/interpreter/l

Events (10 events):
Event: 11.569 Executing VM operation: RevokeBias
Event: 11.569 Executing VM operation: RevokeBias done
Event: 11.591 loading class sun/java2d/loops/Blit$GeneralMaskBlit
Event: 11.592 loading class sun/java2d/loops/Blit$GeneralMaskBlit done
Event: 11.592 loading class sun/java2d/loops/MaskBlit$General
Event: 11.592 loading class sun/java2d/loops/GraphicsPrimitive$GeneralBinaryOp
Event: 11.592 loading class sun/java2d/loops/GraphicsPrimitive$GeneralBinaryOp done
Event: 11.592 loading class sun/java2d/loops/MaskBlit$General done
Event: 11.596 Executing VM operation: RevokeBias
Event: 11.597 Executing VM operation: RevokeBias done


Dynamic libraries:
0x00007ff6419e0000 - 0x00007ff641a27000 	D:\Program Files (x86)\javadev\javadev\jdk-11.0.2\bin\javaw.exe
0x00007ffd42c60000 - 0x00007ffd42e50000 	C:\WINDOWS\SYSTEM32\ntdll.dll
0x00007ffd418c0000 - 0x00007ffd41972000 	C:\WINDOWS\System32\KERNEL32.DLL
0x00007ffd40640000 - 0x00007ffd408e5000 	C:\WINDOWS\System32\KERNELBASE.dll
0x00007ffd40f60000 - 0x00007ffd41003000 	C:\WINDOWS\System32\ADVAPI32.dll
0x00007ffd42b20000 - 0x00007ffd42bbe000 	C:\WINDOWS\System32\msvcrt.dll
0x00007ffd419f0000 - 0x00007ffd41a87000 	C:\WINDOWS\System32\sechost.dll
0x00007ffd417a0000 - 0x00007ffd418c0000 	C:\WINDOWS\System32\RPCRT4.dll
0x00007ffd415f0000 - 0x00007ffd41784000 	C:\WINDOWS\System32\USER32.dll
0x00007ffd40c60000 - 0x00007ffd40c81000 	C:\WINDOWS\System32\win32u.dll
0x00007ffd41070000 - 0x00007ffd41096000 	C:\WINDOWS\System32\GDI32.dll
0x00007ffd408f0000 - 0x00007ffd40a86000 	C:\WINDOWS\System32\gdi32full.dll
0x00007ffd40b90000 - 0x00007ffd40c2e000 	C:\WINDOWS\System32\msvcp_win.dll
0x00007ffd40370000 - 0x00007ffd4046a000 	C:\WINDOWS\System32\ucrtbase.dll
0x00007ffd2f3b0000 - 0x00007ffd2f634000 	C:\WINDOWS\WinSxS\amd64_microsoft.windows.common-controls_6595b64144ccf1df_6.0.18362.1198_none_9e820b57e45ad92f\COMCTL32.dll
0x00007ffd38350000 - 0x00007ffd3835a000 	C:\WINDOWS\SYSTEM32\VERSION.dll
0x00007ffd41b00000 - 0x00007ffd41e35000 	C:\WINDOWS\System32\combase.dll
0x00007ffd40c90000 - 0x00007ffd40d10000 	C:\WINDOWS\System32\bcryptPrimitives.dll
0x00007ffd40f30000 - 0x00007ffd40f5e000 	C:\WINDOWS\System32\IMM32.DLL
0x00007ffd35810000 - 0x00007ffd35826000 	D:\Program Files (x86)\javadev\javadev\jdk-11.0.2\bin\vcruntime140.dll
0x00007ffd0de20000 - 0x00007ffd0deca000 	D:\Program Files (x86)\javadev\javadev\jdk-11.0.2\bin\msvcp140.dll
0x00007ffcf1330000 - 0x00007ffcf1e57000 	D:\Program Files (x86)\javadev\javadev\jdk-11.0.2\bin\server\jvm.dll
0x00007ffd40d10000 - 0x00007ffd40d18000 	C:\WINDOWS\System32\PSAPI.DLL
0x00007ffd3d430000 - 0x00007ffd3d454000 	C:\WINDOWS\SYSTEM32\WINMM.dll
0x00007ffd24bd0000 - 0x00007ffd24bd9000 	C:\WINDOWS\SYSTEM32\WSOCK32.dll
0x00007ffd41a90000 - 0x00007ffd41aff000 	C:\WINDOWS\System32\WS2_32.dll
0x00007ffd3cfb0000 - 0x00007ffd3cfdd000 	C:\WINDOWS\SYSTEM32\WINMMBASE.dll
0x00007ffd40a90000 - 0x00007ffd40ada000 	C:\WINDOWS\System32\cfgmgr32.dll
0x00007ffd3fb20000 - 0x00007ffd3fb31000 	C:\WINDOWS\System32\kernel.appcore.dll
0x00007ffd36c90000 - 0x00007ffd36ca1000 	D:\Program Files (x86)\javadev\javadev\jdk-11.0.2\bin\verify.dll
0x00007ffd3e410000 - 0x00007ffd3e604000 	C:\WINDOWS\SYSTEM32\DBGHELP.DLL
0x00007ffd263f0000 - 0x00007ffd2641a000 	C:\WINDOWS\SYSTEM32\dbgcore.DLL
0x00007ffd33a90000 - 0x00007ffd33ab9000 	D:\Program Files (x86)\javadev\javadev\jdk-11.0.2\bin\java.dll
0x00007ffd33a70000 - 0x00007ffd33a86000 	D:\Program Files (x86)\javadev\javadev\jdk-11.0.2\bin\zip.dll
0x00007ffd392c0000 - 0x00007ffd392ca000 	D:\Program Files (x86)\javadev\javadev\jdk-11.0.2\bin\jimage.dll
0x00007ffd41f70000 - 0x00007ffd42657000 	C:\WINDOWS\System32\SHELL32.dll
0x00007ffd41ec0000 - 0x00007ffd41f69000 	C:\WINDOWS\System32\shcore.dll
0x00007ffd3fbe0000 - 0x00007ffd40361000 	C:\WINDOWS\System32\windows.storage.dll
0x00007ffd3fb90000 - 0x00007ffd3fbb3000 	C:\WINDOWS\System32\profapi.dll
0x00007ffd3fb40000 - 0x00007ffd3fb8a000 	C:\WINDOWS\System32\powrprof.dll
0x00007ffd3fb10000 - 0x00007ffd3fb20000 	C:\WINDOWS\System32\UMPDC.dll
0x00007ffd42bc0000 - 0x00007ffd42c12000 	C:\WINDOWS\System32\shlwapi.dll
0x00007ffd40620000 - 0x00007ffd40637000 	C:\WINDOWS\System32\cryptsp.dll
0x00007ffd33a30000 - 0x00007ffd33a49000 	D:\Program Files (x86)\javadev\javadev\jdk-11.0.2\bin\net.dll
0x00007ffd35ea0000 - 0x00007ffd35f90000 	C:\WINDOWS\SYSTEM32\WINHTTP.dll
0x00007ffd34260000 - 0x00007ffd34436000 	C:\WINDOWS\SYSTEM32\urlmon.dll
0x00007ffd2e0f0000 - 0x00007ffd2e397000 	C:\WINDOWS\SYSTEM32\iertutil.dll
0x00007ffd3f920000 - 0x00007ffd3f92c000 	C:\WINDOWS\SYSTEM32\CRYPTBASE.DLL
0x00007ffd3f300000 - 0x00007ffd3f367000 	C:\WINDOWS\system32\mswsock.dll
0x00007ffd27570000 - 0x00007ffd27583000 	D:\Program Files (x86)\javadev\javadev\jdk-11.0.2\bin\nio.dll
0x00007ffd0dc80000 - 0x00007ffd0de1f000 	D:\Program Files (x86)\javadev\javadev\jdk-11.0.2\bin\awt.dll
0x00007ffd42660000 - 0x00007ffd42725000 	C:\WINDOWS\System32\OLEAUT32.dll
0x00007ffd3c030000 - 0x00007ffd3c5f0000 	C:\WINDOWS\SYSTEM32\d2d1.dll
0x00007ffd3d9b0000 - 0x00007ffd3da3f000 	C:\WINDOWS\SYSTEM32\apphelp.dll
0x00007ffd3dee0000 - 0x00007ffd3df0d000 	C:\WINDOWS\system32\DWMAPI.DLL
0x00007ffd3dab0000 - 0x00007ffd3db49000 	C:\WINDOWS\system32\uxtheme.dll
0x00007ffd08bb0000 - 0x00007ffd08d06000 	C:\WINDOWS\system32\opengl32.dll
0x00007ffd357e0000 - 0x00007ffd3580c000 	C:\WINDOWS\SYSTEM32\GLU32.dll
0x00007ffd3e750000 - 0x00007ffd3e770000 	C:\WINDOWS\SYSTEM32\dxcore.dll
0x00007ffd40d20000 - 0x00007ffd40e55000 	C:\WINDOWS\System32\MSCTF.dll
0x00007ffd428e0000 - 0x00007ffd42a37000 	C:\WINDOWS\System32\ole32.dll
0x00007ffd346c0000 - 0x00007ffd34887000 	C:\WINDOWS\system32\d3d9.dll
0x00007ffd38d90000 - 0x00007ffd38e7f000 	C:\WINDOWS\System32\DriverStore\FileRepository\nvlt.inf_amd64_c8af195ee1543133\nvldumdx.dll
0x00007ffd40470000 - 0x00007ffd405b9000 	C:\WINDOWS\System32\crypt32.dll
0x00007ffd3fbc0000 - 0x00007ffd3fbd2000 	C:\WINDOWS\System32\MSASN1.dll
0x00007ffd36810000 - 0x00007ffd3683f000 	C:\WINDOWS\SYSTEM32\cryptnet.dll
0x00007ffd405c0000 - 0x00007ffd4061c000 	C:\WINDOWS\System32\WINTRUST.DLL
0x00007ffd41160000 - 0x00007ffd4117d000 	C:\WINDOWS\System32\imagehlp.dll
0x00007ffd3ee70000 - 0x00007ffd3eea3000 	C:\WINDOWS\system32\rsaenh.dll
0x00007ffd40c30000 - 0x00007ffd40c56000 	C:\WINDOWS\System32\bcrypt.dll
0x00007ffce9610000 - 0x00007ffceab17000 	C:\WINDOWS\System32\DriverStore\FileRepository\nvlt.inf_amd64_c8af195ee1543133\nvd3dumx.dll
0x00007ffd0bd00000 - 0x00007ffd0bfa7000 	C:\WINDOWS\system32\nvspcap64.dll
0x00007ffd3eb50000 - 0x00007ffd3eb81000 	C:\WINDOWS\SYSTEM32\ntmarta.dll
0x00007ffd3e700000 - 0x00007ffd3e722000 	C:\WINDOWS\SYSTEM32\gpapi.dll
0x00007ffd1b1e0000 - 0x00007ffd1b260000 	D:\Program Files (x86)\javadev\javadev\jdk-11.0.2\bin\freetype.dll
0x00007ffd1b140000 - 0x00007ffd1b1af000 	D:\Program Files (x86)\javadev\javadev\jdk-11.0.2\bin\fontmanager.dll
0x00007ffd410a0000 - 0x00007ffd41142000 	C:\WINDOWS\System32\clbcatq.dll
0x00007ffd3a1e0000 - 0x00007ffd3a38f000 	C:\WINDOWS\SYSTEM32\WindowsCodecs.dll
0x00007ffd22670000 - 0x00007ffd226aa000 	C:\WINDOWS\system32\dataexchange.dll
0x00007ffd3c5f0000 - 0x00007ffd3c84b000 	C:\WINDOWS\system32\d3d11.dll
0x00007ffd3ccb0000 - 0x00007ffd3ce8d000 	C:\WINDOWS\system32\dcomp.dll
0x00007ffd3e7e0000 - 0x00007ffd3e8cb000 	C:\WINDOWS\system32\dxgi.dll
0x00007ffd3db80000 - 0x00007ffd3dde2000 	C:\WINDOWS\system32\twinapi.appcore.dll
0x00007ffd3e0a0000 - 0x00007ffd3e0c9000 	C:\WINDOWS\system32\RMCLIENT.dll
0x00007ffd1f950000 - 0x00007ffd1f9ee000 	C:\WINDOWS\System32\TextInputFramework.dll
0x00007ffd3d350000 - 0x00007ffd3d424000 	C:\WINDOWS\System32\CoreMessaging.dll
0x00007ffd3ad70000 - 0x00007ffd3b09a000 	C:\WINDOWS\System32\CoreUIComponents.dll
0x00007ffd3ac00000 - 0x00007ffd3ad53000 	C:\WINDOWS\SYSTEM32\wintypes.dll
0x00007ffd08aa0000 - 0x00007ffd08b5f000 	C:\WINDOWS\system32\msctfuimanager.dll
0x00007ffd0ea70000 - 0x00007ffd0ec23000 	C:\WINDOWS\system32\DUI70.dll
0x00007ffd11390000 - 0x00007ffd11423000 	C:\WINDOWS\system32\DUser.dll
0x00007ffd11960000 - 0x00007ffd11bd0000 	C:\WINDOWS\SYSTEM32\UIAutomationCore.dll
0x00007ffd3f950000 - 0x00007ffd3f9ed000 	C:\WINDOWS\SYSTEM32\sxs.dll
0x00007ffd3a400000 - 0x00007ffd3a447000 	C:\WINDOWS\System32\UIAnimation.dll
0x00007ffd2f2b0000 - 0x00007ffd2f315000 	C:\Windows\System32\oleacc.dll
0x00007ffd18d00000 - 0x00007ffd18ffe000 	C:\WINDOWS\system32\dwrite.dll
0x00007ffd1a9c0000 - 0x00007ffd1aa59000 	C:\WINDOWS\system32\directmanipulation.dll
0x00007ffd372b0000 - 0x00007ffd379f1000 	C:\WINDOWS\SYSTEM32\D3D10Warp.dll

dbghelp: loaded successfully - version: 4.0.5 - missing functions: none
symbol engine: initialized successfully - sym options: 0x614 - pdb path: .;D:\Program Files (x86)\javadev\javadev\jdk-11.0.2\bin;C:\WINDOWS\SYSTEM32;C:\WINDOWS\WinSxS\amd64_microsoft.windows.common-controls_6595b64144ccf1df_6.0.18362.1198_none_9e820b57e45ad92f;D:\Program Files (x86)\javadev\javadev\jdk-11.0.2\bin\server;C:\WINDOWS\System32\DriverStore\FileRepository\nvlt.inf_amd64_c8af195ee1543133

VM Arguments:
jvm_args: -Dfile.encoding=GBK --module-path=D:\Program Files (x86)\javadev\workplace\ktvManger\lib\mssql-jdbc-7.0.0.jre8.jar 
java_command: main.Test_ktv_Manager
java_class_path (initial): D:\Program Files (x86)\javadev\workplace\ktvManger\bin
Launcher Type: SUN_STANDARD

[Global flags]
     intx CICompilerCount                          = 4                                         {product} {ergonomic}
     uint ConcGCThreads                            = 2                                         {product} {ergonomic}
     uint G1ConcRefinementThreads                  = 8                                         {product} {ergonomic}
   size_t G1HeapRegionSize                         = 1048576                                   {product} {ergonomic}
    uintx GCDrainStackTargetSize                   = 64                                        {product} {ergonomic}
   size_t InitialHeapSize                          = 134217728                                 {product} {ergonomic}
   size_t MarkStackSize                            = 4194304                                   {product} {ergonomic}
   size_t MaxHeapSize                              = 2128609280                                {product} {ergonomic}
   size_t MaxNewSize                               = 1277165568                                {product} {ergonomic}
   size_t MinHeapDeltaBytes                        = 1048576                                   {product} {ergonomic}
    uintx NonNMethodCodeHeapSize                   = 5835340                                {pd product} {ergonomic}
    uintx NonProfiledCodeHeapSize                  = 122911450                              {pd product} {ergonomic}
    uintx ProfiledCodeHeapSize                     = 122911450                              {pd product} {ergonomic}
    uintx ReservedCodeCacheSize                    = 251658240                              {pd product} {ergonomic}
     bool SegmentedCodeCache                       = true                                      {product} {ergonomic}
     bool UseCompressedClassPointers               = true                                 {lp64_product} {ergonomic}
     bool UseCompressedOops                        = true                                 {lp64_product} {ergonomic}
     bool UseG1GC                                  = true                                      {product} {ergonomic}
     bool UseLargePagesIndividualAllocation        = false                                  {pd product} {ergonomic}

Logging:
Log output configuration:
 #0: stdout all=warning uptime,level,tags
 #1: stderr all=off uptime,level,tags

Environment Variables:
JAVA_HOME=D:\Program Files (x86)\javadev\javadev\jdk-11.0.2
JRE_HOME=C:\Program Files\Java\jre1.8.0_91
PATH=D:/Program Files (x86)/javadev/javadev/jdk-11.0.2/bin/server;D:/Program Files (x86)/javadev/javadev/jdk-11.0.2/bin;D:\Program Files (x86)\javadev\javadev\jdk-11.0.2\bin;D:\Program Files (x86)\javadev\javadev\eclipse;
USERNAME=11842
OS=Windows_NT
PROCESSOR_IDENTIFIER=Intel64 Family 6 Model 158 Stepping 10, GenuineIntel



---------------  S Y S T E M  ---------------

OS: Windows 10 , 64 bit Build 18362 (10.0.18362.1110)

CPU:total 8 (initial active 8) (4 cores per cpu, 2 threads per core) family 6 model 158 stepping 10, cmov, cx8, fxsr, mmx, sse, sse2, sse3, ssse3, sse4.1, sse4.2, popcnt, avx, avx2, aes, clmul, erms, 3dnowpref, lzcnt, ht, tsc, tscinvbit, bmi1, bmi2, adx, fma

Memory: 4k page, system-wide physical 8112M (1626M free)
TotalPageFile size 18929M (AvailPageFile size 2772M)
current process WorkingSet (physical memory assigned to process): 111M, peak: 111M
current process commit charge ("private bytes"): 255M, peak: 256M

vm_info: Java HotSpot(TM) 64-Bit Server VM (11.0.2+9-LTS) for windows-amd64 JRE (11.0.2+9-LTS), built on Jan 18 2019 05:24:10 by "mach5one" with MS VC++ 15.5 (VS2017)

END.
