#
# A fatal error has been detected by the Java Runtime Environment:
#
#  EXCEPTION_ACCESS_VIOLATION (0xc0000005) at pc=0x00007ffb94adc21d, pid=9892, tid=2116
#
# JRE version: Java(TM) SE Runtime Environment (11.0.2+9) (build 11.0.2+9-LTS)
# Java VM: Java HotSpot(TM) 64-Bit Server VM (11.0.2+9-LTS, mixed mode, tiered, compressed oops, g1 gc, windows-amd64)
# Problematic frame:
# C  [msctfuimanager.dll+0xc21d]
#
# No core dump will be written. Minidumps are not enabled by default on client versions of Windows
#
# If you would like to submit a bug report, please visit:
#   http://bugreport.java.com/bugreport/crash.jsp
# The crash happened outside the Java Virtual Machine in native code.
# See problematic frame for where to report the bug.
#

---------------  S U M M A R Y ------------

Command Line: -Dfile.encoding=GBK --module-path=D:\Program Files (x86)\javadev\workplace\ktvManger\lib\mssql-jdbc-7.0.0.jre8.jar main.Test_ktv_Manager

Host: Intel(R) Core(TM) i5-9300H CPU @ 2.40GHz, 8 cores, 7G,  Windows 10 , 64 bit Build 18362 (10.0.18362.1110)
Time: Mon Dec 14 17:53:12 2020 ?D1¨²¡À¨º¡Á?¨º¡À?? elapsed time: 1192 seconds (0d 0h 19m 52s)

---------------  T H R E A D  ---------------

Current thread (0x0000024222a27000):  JavaThread "AWT-Windows" daemon [_thread_in_native, id=2116, stack(0x000000ac3bb00000,0x000000ac3bc00000)]

Stack: [0x000000ac3bb00000,0x000000ac3bc00000],  sp=0x000000ac3bbfdb30,  free space=1014k
Native frames: (J=compiled Java code, j=interpreted, Vv=VM code, C=native code)
C  [msctfuimanager.dll+0xc21d]

Java frames: (J=compiled Java code, j=interpreted, Vv=VM code)
j  sun.awt.windows.WToolkit.eventLoop()V+0 java.desktop@11.0.2
j  sun.awt.windows.WToolkit.run()V+50 java.desktop@11.0.2
j  java.lang.Thread.run()V+11 java.base@11.0.2
v  ~StubRoutines::call_stub

siginfo: EXCEPTION_ACCESS_VIOLATION (0xc0000005), reading address 0x0000000000000018


Register to memory mapping:

RIP=0x00007ffb94adc21d msctfuimanager.dll
RAX=0x0 is NULL
RBX=0x00000242278fe3f0 points into unknown readable memory: 90 84 b1 94 fb 7f 00 00
RCX=0x000002422b0bbdb0 points into unknown readable memory: 00 00 00 00 00 00 00 00
RDX=0x000000ac3bbfdb90 is pointing into the stack for thread: 0x0000024222a27000
RSP=0x000000ac3bbfdb30 is pointing into the stack for thread: 0x0000024222a27000
RBP=0x000000ac3bbfdb70 is pointing into the stack for thread: 0x0000024222a27000
RSI=0x000002422b0bbdb0 points into unknown readable memory: 00 00 00 00 00 00 00 00
RDI=0x000002422b0bbdb0 points into unknown readable memory: 00 00 00 00 00 00 00 00
R8 =0x000000ac3bbfda58 is pointing into the stack for thread: 0x0000024222a27000
R9 =0x000000ac3bbfdac0 is pointing into the stack for thread: 0x0000024222a27000
R10=0x0 is NULL
R11=0x0000000000000246 is an unknown value
R12=0x0 is NULL
R13=0x00000242278ea698 points into unknown readable memory: 00 00 00 00 00 00 00 00
R14=0x0000000000000050 is an unknown value
R15=0x000000ac3bbfe020 is pointing into the stack for thread: 0x0000024222a27000


Registers:
RAX=0x0000000000000000, RBX=0x00000242278fe3f0, RCX=0x000002422b0bbdb0, RDX=0x000000ac3bbfdb90
RSP=0x000000ac3bbfdb30, RBP=0x000000ac3bbfdb70, RSI=0x000002422b0bbdb0, RDI=0x000002422b0bbdb0
R8 =0x000000ac3bbfda58, R9 =0x000000ac3bbfdac0, R10=0x0000000000000000, R11=0x0000000000000246
R12=0x0000000000000000, R13=0x00000242278ea698, R14=0x0000000000000050, R15=0x000000ac3bbfe020
RIP=0x00007ffb94adc21d, EFLAGS=0x0000000000010246

Top of Stack: (sp=0x000000ac3bbfdb30)
0x000000ac3bbfdb30:   0000000700000e65 000000ac00000000
0x000000ac3bbfdb40:   000000ac3bbfe020 0000000000000050
0x000000ac3bbfdb50:   0000000000000804 00007ffb94ae8bf2
0x000000ac3bbfdb60:   0000000000000000 0000000000000804
0x000000ac3bbfdb70:   000002422b0bbdb0 00000242278fe3f0
0x000000ac3bbfdb80:   000000ac3bbfdc90 00007ffb94adb7b1
0x000000ac3bbfdb90:   0000024200000000 0000000000000000
0x000000ac3bbfdba0:   000000ac3bbfdc90 00000242278fe3f0
0x000000ac3bbfdbb0:   000000ac00000000 0000000000000000
0x000000ac3bbfdbc0:   0000734b528a95c5 000000ac3bbfdcc0
0x000000ac3bbfdbd0:   000002422b0bbdb0 0000000000000000
0x000000ac3bbfdbe0:   000000ac3bbf0804 00007ffb94ae0715
0x000000ac3bbfdbf0:   0000000000000000 00007ffb94b23200
0x000000ac3bbfdc00:   000000ac3bbfe020 000000ac3bbfe038
0x000000ac3bbfdc10:   0000000000000e65 0000000000000007
0x000000ac3bbfdc20:   0000000000000001 00000242278fe694 

Instructions: (pc=0x00007ffb94adc21d)
0x00007ffb94adc1fd:   09 00 00 44 8b cb e8 98 61 ff ff 8b c3 e9 3b 01
0x00007ffb94adc20d:   00 00 48 8b 02 48 8b ce 83 65 20 00 48 8d 55 20
0x00007ffb94adc21d:   48 8b 40 18 ff 15 59 18 04 00 8b f8 85 c0 79 1d
0x00007ffb94adc22d:   48 8b 4d 18 4c 8d 05 68 37 04 00 44 8b c8 ba ae 


Stack slot to memory mapping:
stack at sp + 0 slots: 0x0000000700000e65 is an unknown value
stack at sp + 1 slots: 0x000000ac00000000 is an unknown value
stack at sp + 2 slots: 0x000000ac3bbfe020 is pointing into the stack for thread: 0x0000024222a27000
stack at sp + 3 slots: 0x0000000000000050 is an unknown value
stack at sp + 4 slots: 0x0000000000000804 is an unknown value
stack at sp + 5 slots: 0x00007ffb94ae8bf2 msctfuimanager.dll
stack at sp + 6 slots: 0x0 is NULL
stack at sp + 7 slots: 0x0000000000000804 is an unknown value


---------------  P R O C E S S  ---------------

Threads class SMR info:
_java_thread_list=0x000002422a4ba400, length=16, elements={
0x0000024221a31800, 0x0000024221a2a000, 0x0000024221a49000, 0x0000024221a4b000,
0x0000024221a4c800, 0x0000024222315800, 0x0000024222323000, 0x0000024222493800,
0x00000242226dc800, 0x000002422294c800, 0x00000242228cf800, 0x0000024222a27000,
0x0000024222797800, 0x0000024200e46000, 0x000002422a6c4800, 0x0000024222e11000
}

Java Threads: ( => current thread )
  0x0000024221a31800 JavaThread "Reference Handler" daemon [_thread_blocked, id=4252, stack(0x000000ac3ae00000,0x000000ac3af00000)]
  0x0000024221a2a000 JavaThread "Finalizer" daemon [_thread_blocked, id=1972, stack(0x000000ac3af00000,0x000000ac3b000000)]
  0x0000024221a49000 JavaThread "Signal Dispatcher" daemon [_thread_blocked, id=10236, stack(0x000000ac3b000000,0x000000ac3b100000)]
  0x0000024221a4b000 JavaThread "Attach Listener" daemon [_thread_blocked, id=18900, stack(0x000000ac3b100000,0x000000ac3b200000)]
  0x0000024221a4c800 JavaThread "C2 CompilerThread0" daemon [_thread_blocked, id=17420, stack(0x000000ac3b200000,0x000000ac3b300000)]
  0x0000024222315800 JavaThread "C1 CompilerThread0" daemon [_thread_blocked, id=20696, stack(0x000000ac3b300000,0x000000ac3b400000)]
  0x0000024222323000 JavaThread "Sweeper thread" daemon [_thread_blocked, id=20756, stack(0x000000ac3b400000,0x000000ac3b500000)]
  0x0000024222493800 JavaThread "Common-Cleaner" daemon [_thread_blocked, id=14272, stack(0x000000ac3b500000,0x000000ac3b600000)]
  0x00000242226dc800 JavaThread "Service Thread" daemon [_thread_blocked, id=20836, stack(0x000000ac3b700000,0x000000ac3b800000)]
  0x000002422294c800 JavaThread "Java2D Disposer" daemon [_thread_blocked, id=8992, stack(0x000000ac3b900000,0x000000ac3ba00000)]
  0x00000242228cf800 JavaThread "AWT-Shutdown" [_thread_blocked, id=1032, stack(0x000000ac3ba00000,0x000000ac3bb00000)]
=>0x0000024222a27000 JavaThread "AWT-Windows" daemon [_thread_in_native, id=2116, stack(0x000000ac3bb00000,0x000000ac3bc00000)]
  0x0000024222797800 JavaThread "AWT-EventQueue-0" [_thread_in_native, id=17484, stack(0x000000ac3be00000,0x000000ac3bf00000)]
  0x0000024200e46000 JavaThread "DestroyJavaVM" [_thread_blocked, id=19204, stack(0x000000ac3a700000,0x000000ac3a800000)]
  0x000002422a6c4800 JavaThread "D3D Screen Updater" daemon [_thread_in_native, id=3136, stack(0x000000ac3c200000,0x000000ac3c300000)]
  0x0000024222e11000 JavaThread "TimerQueue" daemon [_thread_blocked, id=19724, stack(0x000000ac3c300000,0x000000ac3c400000)]

Other Threads:
  0x00000242219fc000 VMThread "VM Thread" [stack: 0x000000ac3ad00000,0x000000ac3ae00000] [id=13844]
  0x000002422272b800 WatcherThread [stack: 0x000000ac3b800000,0x000000ac3b900000] [id=2052]
  0x0000024200e5b800 GCTaskThread "GC Thread#0" [stack: 0x000000ac3a800000,0x000000ac3a900000] [id=16268]
  0x0000024222943800 GCTaskThread "GC Thread#1" [stack: 0x000000ac3c600000,0x000000ac3c700000] [id=20760]
  0x0000024222944800 GCTaskThread "GC Thread#2" [stack: 0x000000ac3c700000,0x000000ac3c800000] [id=20136]
  0x0000024222601800 GCTaskThread "GC Thread#3" [stack: 0x000000ac3c800000,0x000000ac3c900000] [id=17648]
  0x0000024222602000 GCTaskThread "GC Thread#4" [stack: 0x000000ac3c900000,0x000000ac3ca00000] [id=9896]
  0x000002422246a800 GCTaskThread "GC Thread#5" [stack: 0x000000ac3ca00000,0x000000ac3cb00000] [id=13692]
  0x0000024200e8d800 ConcurrentGCThread "G1 Main Marker" [stack: 0x000000ac3a900000,0x000000ac3aa00000] [id=1512]
  0x0000024200e8f000 ConcurrentGCThread "G1 Conc#0" [stack: 0x000000ac3aa00000,0x000000ac3ab00000] [id=9880]
  0x000002422246b800 ConcurrentGCThread "G1 Conc#1" [stack: 0x000000ac3cb00000,0x000000ac3cc00000] [id=21348]
  0x0000024221866800 ConcurrentGCThread "G1 Refine#0" [stack: 0x000000ac3ab00000,0x000000ac3ac00000] [id=6248]
  0x000002422186b000 ConcurrentGCThread "G1 Young RemSet Sampling" [stack: 0x000000ac3ac00000,0x000000ac3ad00000] [id=13188]

Threads with active compile tasks:

VM state:not at safepoint (normal execution)

VM Mutex/Monitor currently owned by a thread: None

Heap address: 0x0000000081200000, size: 2030 MB, Compressed Oops mode: 32-bit
Narrow klass base: 0x0000000000000000, Narrow klass shift: 3
Compressed class space size: 1073741824 Address: 0x0000000100000000

Heap:
 garbage-first heap   total 131072K, used 71347K [0x0000000081200000, 0x0000000100000000)
  region size 1024K, 61 young (62464K), 3 survivors (3072K)
 Metaspace       used 30539K, capacity 31153K, committed 31232K, reserved 1077248K
  class space    used 3263K, capacity 3520K, committed 3584K, reserved 1048576K
Heap Regions: E=young(eden), S=young(survivor), O=old, HS=humongous(starts), HC=humongous(continues), CS=collection set, F=free, A=archive, TAMS=top-at-mark-start (previous, next)
|   0|0x0000000081200000, 0x0000000081300000, 0x0000000081300000|100%|HS|  |TAMS 0x0000000081200000, 0x0000000081200000| Complete 
|   1|0x0000000081300000, 0x0000000081400000, 0x0000000081400000|100%|HC|  |TAMS 0x0000000081300000, 0x0000000081300000| Complete 
|   2|0x0000000081400000, 0x0000000081500000, 0x0000000081500000|100%|HS|  |TAMS 0x0000000081400000, 0x0000000081400000| Complete 
|   3|0x0000000081500000, 0x0000000081600000, 0x0000000081600000|100%|HS|  |TAMS 0x0000000081500000, 0x0000000081500000| Complete 
|   4|0x0000000081600000, 0x00000000816ace00, 0x0000000081700000| 67%| O|  |TAMS 0x00000000816ace00, 0x0000000081600000| Untracked 
|   5|0x0000000081700000, 0x0000000081800000, 0x0000000081800000|100%|HS|  |TAMS 0x0000000081700000, 0x0000000081700000| Complete 
|   6|0x0000000081800000, 0x0000000081900000, 0x0000000081900000|100%|HC|  |TAMS 0x0000000081800000, 0x0000000081800000| Complete 
|   7|0x0000000081900000, 0x0000000081a00000, 0x0000000081a00000|100%|HS|  |TAMS 0x0000000081900000, 0x0000000081900000| Complete 
|   8|0x0000000081a00000, 0x0000000081b00000, 0x0000000081b00000|100%|HC|  |TAMS 0x0000000081a00000, 0x0000000081a00000| Complete 
|   9|0x0000000081b00000, 0x0000000081c00000, 0x0000000081c00000|100%|HC|  |TAMS 0x0000000081b00000, 0x0000000081b00000| Complete 
|  10|0x0000000081c00000, 0x0000000081c00000, 0x0000000081d00000|  0%| F|  |TAMS 0x0000000081c00000, 0x0000000081c00000| Untracked 
|  11|0x0000000081d00000, 0x0000000081d00000, 0x0000000081e00000|  0%| F|  |TAMS 0x0000000081d00000, 0x0000000081d00000| Untracked 
|  12|0x0000000081e00000, 0x0000000081e00000, 0x0000000081f00000|  0%| F|  |TAMS 0x0000000081e00000, 0x0000000081e00000| Untracked 
|  13|0x0000000081f00000, 0x0000000081f00000, 0x0000000082000000|  0%| F|  |TAMS 0x0000000081f00000, 0x0000000081f00000| Untracked 
|  14|0x0000000082000000, 0x0000000082000000, 0x0000000082100000|  0%| F|  |TAMS 0x0000000082000000, 0x0000000082000000| Untracked 
|  15|0x0000000082100000, 0x0000000082100000, 0x0000000082200000|  0%| F|  |TAMS 0x0000000082100000, 0x0000000082100000| Untracked 
|  16|0x0000000082200000, 0x0000000082200000, 0x0000000082300000|  0%| F|  |TAMS 0x0000000082200000, 0x0000000082200000| Untracked 
|  17|0x0000000082300000, 0x0000000082300000, 0x0000000082400000|  0%| F|  |TAMS 0x0000000082300000, 0x0000000082300000| Untracked 
|  18|0x0000000082400000, 0x0000000082400000, 0x0000000082500000|  0%| F|  |TAMS 0x0000000082400000, 0x0000000082400000| Untracked 
|  19|0x0000000082500000, 0x0000000082500000, 0x0000000082600000|  0%| F|  |TAMS 0x0000000082500000, 0x0000000082500000| Untracked 
|  20|0x0000000082600000, 0x0000000082600000, 0x0000000082700000|  0%| F|  |TAMS 0x0000000082600000, 0x0000000082600000| Untracked 
|  21|0x0000000082700000, 0x0000000082700000, 0x0000000082800000|  0%| F|  |TAMS 0x0000000082700000, 0x0000000082700000| Untracked 
|  22|0x0000000082800000, 0x0000000082800000, 0x0000000082900000|  0%| F|  |TAMS 0x0000000082800000, 0x0000000082800000| Untracked 
|  23|0x0000000082900000, 0x0000000082900000, 0x0000000082a00000|  0%| F|  |TAMS 0x0000000082900000, 0x0000000082900000| Untracked 
|  24|0x0000000082a00000, 0x0000000082a00000, 0x0000000082b00000|  0%| F|  |TAMS 0x0000000082a00000, 0x0000000082a00000| Untracked 
|  25|0x0000000082b00000, 0x0000000082b00000, 0x0000000082c00000|  0%| F|  |TAMS 0x0000000082b00000, 0x0000000082b00000| Untracked 
|  26|0x0000000082c00000, 0x0000000082c00000, 0x0000000082d00000|  0%| F|  |TAMS 0x0000000082c00000, 0x0000000082c00000| Untracked 
|  27|0x0000000082d00000, 0x0000000082d00000, 0x0000000082e00000|  0%| F|  |TAMS 0x0000000082d00000, 0x0000000082d00000| Untracked 
|  28|0x0000000082e00000, 0x0000000082e00000, 0x0000000082f00000|  0%| F|  |TAMS 0x0000000082e00000, 0x0000000082e00000| Untracked 
|  29|0x0000000082f00000, 0x0000000082f00000, 0x0000000083000000|  0%| F|  |TAMS 0x0000000082f00000, 0x0000000082f00000| Untracked 
|  30|0x0000000083000000, 0x0000000083000000, 0x0000000083100000|  0%| F|  |TAMS 0x0000000083000000, 0x0000000083000000| Untracked 
|  31|0x0000000083100000, 0x0000000083100000, 0x0000000083200000|  0%| F|  |TAMS 0x0000000083100000, 0x0000000083100000| Untracked 
|  32|0x0000000083200000, 0x0000000083200000, 0x0000000083300000|  0%| F|  |TAMS 0x0000000083200000, 0x0000000083200000| Untracked 
|  33|0x0000000083300000, 0x0000000083300000, 0x0000000083400000|  0%| F|  |TAMS 0x0000000083300000, 0x0000000083300000| Untracked 
|  34|0x0000000083400000, 0x0000000083400000, 0x0000000083500000|  0%| F|  |TAMS 0x0000000083400000, 0x0000000083400000| Untracked 
|  35|0x0000000083500000, 0x0000000083500000, 0x0000000083600000|  0%| F|  |TAMS 0x0000000083500000, 0x0000000083500000| Untracked 
|  36|0x0000000083600000, 0x0000000083600000, 0x0000000083700000|  0%| F|  |TAMS 0x0000000083600000, 0x0000000083600000| Untracked 
|  37|0x0000000083700000, 0x0000000083700000, 0x0000000083800000|  0%| F|  |TAMS 0x0000000083700000, 0x0000000083700000| Untracked 
|  38|0x0000000083800000, 0x0000000083800000, 0x0000000083900000|  0%| F|  |TAMS 0x0000000083800000, 0x0000000083800000| Untracked 
|  39|0x0000000083900000, 0x0000000083900000, 0x0000000083a00000|  0%| F|  |TAMS 0x0000000083900000, 0x0000000083900000| Untracked 
|  40|0x0000000083a00000, 0x0000000083a00000, 0x0000000083b00000|  0%| F|  |TAMS 0x0000000083a00000, 0x0000000083a00000| Untracked 
|  41|0x0000000083b00000, 0x0000000083b00000, 0x0000000083c00000|  0%| F|  |TAMS 0x0000000083b00000, 0x0000000083b00000| Untracked 
|  42|0x0000000083c00000, 0x0000000083c00000, 0x0000000083d00000|  0%| F|  |TAMS 0x0000000083c00000, 0x0000000083c00000| Untracked 
|  43|0x0000000083d00000, 0x0000000083d00000, 0x0000000083e00000|  0%| F|  |TAMS 0x0000000083d00000, 0x0000000083d00000| Untracked 
|  44|0x0000000083e00000, 0x0000000083e00000, 0x0000000083f00000|  0%| F|  |TAMS 0x0000000083e00000, 0x0000000083e00000| Untracked 
|  45|0x0000000083f00000, 0x0000000083f00000, 0x0000000084000000|  0%| F|  |TAMS 0x0000000083f00000, 0x0000000083f00000| Untracked 
|  46|0x0000000084000000, 0x0000000084000000, 0x0000000084100000|  0%| F|  |TAMS 0x0000000084000000, 0x0000000084000000| Untracked 
|  47|0x0000000084100000, 0x0000000084100000, 0x0000000084200000|  0%| F|  |TAMS 0x0000000084100000, 0x0000000084100000| Untracked 
|  48|0x0000000084200000, 0x0000000084200000, 0x0000000084300000|  0%| F|  |TAMS 0x0000000084200000, 0x0000000084200000| Untracked 
|  49|0x0000000084300000, 0x0000000084300000, 0x0000000084400000|  0%| F|  |TAMS 0x0000000084300000, 0x0000000084300000| Untracked 
|  50|0x0000000084400000, 0x0000000084400000, 0x0000000084500000|  0%| F|  |TAMS 0x0000000084400000, 0x0000000084400000| Untracked 
|  51|0x0000000084500000, 0x0000000084500000, 0x0000000084600000|  0%| F|  |TAMS 0x0000000084500000, 0x0000000084500000| Untracked 
|  52|0x0000000084600000, 0x0000000084600000, 0x0000000084700000|  0%| F|  |TAMS 0x0000000084600000, 0x0000000084600000| Untracked 
|  53|0x0000000084700000, 0x0000000084700000, 0x0000000084800000|  0%| F|  |TAMS 0x0000000084700000, 0x0000000084700000| Untracked 
|  54|0x0000000084800000, 0x0000000084800000, 0x0000000084900000|  0%| F|  |TAMS 0x0000000084800000, 0x0000000084800000| Untracked 
|  55|0x0000000084900000, 0x0000000084900000, 0x0000000084a00000|  0%| F|  |TAMS 0x0000000084900000, 0x0000000084900000| Untracked 
|  56|0x0000000084a00000, 0x0000000084a00000, 0x0000000084b00000|  0%| F|  |TAMS 0x0000000084a00000, 0x0000000084a00000| Untracked 
|  57|0x0000000084b00000, 0x0000000084b00000, 0x0000000084c00000|  0%| F|  |TAMS 0x0000000084b00000, 0x0000000084b00000| Untracked 
|  58|0x0000000084c00000, 0x0000000084c00000, 0x0000000084d00000|  0%| F|  |TAMS 0x0000000084c00000, 0x0000000084c00000| Untracked 
|  59|0x0000000084d00000, 0x0000000084d00000, 0x0000000084e00000|  0%| F|  |TAMS 0x0000000084d00000, 0x0000000084d00000| Untracked 
|  60|0x0000000084e00000, 0x0000000084e00000, 0x0000000084f00000|  0%| F|  |TAMS 0x0000000084e00000, 0x0000000084e00000| Untracked 
|  61|0x0000000084f00000, 0x0000000084f00000, 0x0000000085000000|  0%| F|  |TAMS 0x0000000084f00000, 0x0000000084f00000| Untracked 
|  62|0x0000000085000000, 0x0000000085000000, 0x0000000085100000|  0%| F|  |TAMS 0x0000000085000000, 0x0000000085000000| Untracked 
|  63|0x0000000085100000, 0x0000000085100000, 0x0000000085200000|  0%| F|  |TAMS 0x0000000085100000, 0x0000000085100000| Untracked 
|  64|0x0000000085200000, 0x0000000085200000, 0x0000000085300000|  0%| F|  |TAMS 0x0000000085200000, 0x0000000085200000| Untracked 
|  65|0x0000000085300000, 0x0000000085300000, 0x0000000085400000|  0%| F|  |TAMS 0x0000000085300000, 0x0000000085300000| Untracked 
|  66|0x0000000085400000, 0x0000000085400000, 0x0000000085500000|  0%| F|  |TAMS 0x0000000085400000, 0x0000000085400000| Untracked 
|  67|0x0000000085500000, 0x0000000085600000, 0x0000000085600000|100%| E|  |TAMS 0x0000000085500000, 0x0000000085500000| Complete 
|  68|0x0000000085600000, 0x0000000085700000, 0x0000000085700000|100%| E|CS|TAMS 0x0000000085600000, 0x0000000085600000| Complete 
|  69|0x0000000085700000, 0x0000000085800000, 0x0000000085800000|100%| E|CS|TAMS 0x0000000085700000, 0x0000000085700000| Complete 
|  70|0x0000000085800000, 0x0000000085900000, 0x0000000085900000|100%| E|CS|TAMS 0x0000000085800000, 0x0000000085800000| Complete 
|  71|0x0000000085900000, 0x0000000085a00000, 0x0000000085a00000|100%| E|CS|TAMS 0x0000000085900000, 0x0000000085900000| Complete 
|  72|0x0000000085a00000, 0x0000000085b00000, 0x0000000085b00000|100%| E|CS|TAMS 0x0000000085a00000, 0x0000000085a00000| Complete 
|  73|0x0000000085b00000, 0x0000000085c00000, 0x0000000085c00000|100%| E|CS|TAMS 0x0000000085b00000, 0x0000000085b00000| Complete 
|  74|0x0000000085c00000, 0x0000000085d00000, 0x0000000085d00000|100%| E|CS|TAMS 0x0000000085c00000, 0x0000000085c00000| Complete 
|  75|0x0000000085d00000, 0x0000000085e00000, 0x0000000085e00000|100%| E|CS|TAMS 0x0000000085d00000, 0x0000000085d00000| Complete 
|  76|0x0000000085e00000, 0x0000000085f00000, 0x0000000085f00000|100%| E|CS|TAMS 0x0000000085e00000, 0x0000000085e00000| Complete 
|  77|0x0000000085f00000, 0x0000000086000000, 0x0000000086000000|100%| E|CS|TAMS 0x0000000085f00000, 0x0000000085f00000| Complete 
|  78|0x0000000086000000, 0x0000000086100000, 0x0000000086100000|100%| E|CS|TAMS 0x0000000086000000, 0x0000000086000000| Complete 
|  79|0x0000000086100000, 0x0000000086200000, 0x0000000086200000|100%| E|CS|TAMS 0x0000000086100000, 0x0000000086100000| Complete 
|  80|0x0000000086200000, 0x0000000086300000, 0x0000000086300000|100%| E|CS|TAMS 0x0000000086200000, 0x0000000086200000| Complete 
|  81|0x0000000086300000, 0x0000000086400000, 0x0000000086400000|100%| E|CS|TAMS 0x0000000086300000, 0x0000000086300000| Complete 
|  82|0x0000000086400000, 0x0000000086500000, 0x0000000086500000|100%| E|CS|TAMS 0x0000000086400000, 0x0000000086400000| Complete 
|  83|0x0000000086500000, 0x0000000086600000, 0x0000000086600000|100%| E|CS|TAMS 0x0000000086500000, 0x0000000086500000| Complete 
|  84|0x0000000086600000, 0x0000000086700000, 0x0000000086700000|100%| E|CS|TAMS 0x0000000086600000, 0x0000000086600000| Complete 
|  85|0x0000000086700000, 0x0000000086800000, 0x0000000086800000|100%| E|CS|TAMS 0x0000000086700000, 0x0000000086700000| Complete 
|  86|0x0000000086800000, 0x0000000086900000, 0x0000000086900000|100%| E|CS|TAMS 0x0000000086800000, 0x0000000086800000| Complete 
|  87|0x0000000086900000, 0x0000000086a00000, 0x0000000086a00000|100%| E|CS|TAMS 0x0000000086900000, 0x0000000086900000| Complete 
|  88|0x0000000086a00000, 0x0000000086b00000, 0x0000000086b00000|100%| E|CS|TAMS 0x0000000086a00000, 0x0000000086a00000| Complete 
|  89|0x0000000086b00000, 0x0000000086c00000, 0x0000000086c00000|100%| E|CS|TAMS 0x0000000086b00000, 0x0000000086b00000| Complete 
|  90|0x0000000086c00000, 0x0000000086d00000, 0x0000000086d00000|100%| E|CS|TAMS 0x0000000086c00000, 0x0000000086c00000| Complete 
|  91|0x0000000086d00000, 0x0000000086e00000, 0x0000000086e00000|100%| E|CS|TAMS 0x0000000086d00000, 0x0000000086d00000| Complete 
|  92|0x0000000086e00000, 0x0000000086f00000, 0x0000000086f00000|100%| E|CS|TAMS 0x0000000086e00000, 0x0000000086e00000| Complete 
|  93|0x0000000086f00000, 0x0000000087000000, 0x0000000087000000|100%| E|CS|TAMS 0x0000000086f00000, 0x0000000086f00000| Complete 
|  94|0x0000000087000000, 0x0000000087100000, 0x0000000087100000|100%| E|CS|TAMS 0x0000000087000000, 0x0000000087000000| Complete 
|  95|0x0000000087100000, 0x0000000087200000, 0x0000000087200000|100%| E|CS|TAMS 0x0000000087100000, 0x0000000087100000| Complete 
|  96|0x0000000087200000, 0x0000000087300000, 0x0000000087300000|100%| E|CS|TAMS 0x0000000087200000, 0x0000000087200000| Complete 
|  97|0x0000000087300000, 0x0000000087400000, 0x0000000087400000|100%| E|CS|TAMS 0x0000000087300000, 0x0000000087300000| Complete 
|  98|0x0000000087400000, 0x0000000087500000, 0x0000000087500000|100%| E|CS|TAMS 0x0000000087400000, 0x0000000087400000| Complete 
|  99|0x0000000087500000, 0x0000000087600000, 0x0000000087600000|100%| E|CS|TAMS 0x0000000087500000, 0x0000000087500000| Complete 
| 100|0x0000000087600000, 0x0000000087700000, 0x0000000087700000|100%| E|CS|TAMS 0x0000000087600000, 0x0000000087600000| Complete 
| 101|0x0000000087700000, 0x0000000087800000, 0x0000000087800000|100%| E|CS|TAMS 0x0000000087700000, 0x0000000087700000| Complete 
| 102|0x0000000087800000, 0x0000000087900000, 0x0000000087900000|100%| E|CS|TAMS 0x0000000087800000, 0x0000000087800000| Complete 
| 103|0x0000000087900000, 0x0000000087a00000, 0x0000000087a00000|100%| E|CS|TAMS 0x0000000087900000, 0x0000000087900000| Complete 
| 104|0x0000000087a00000, 0x0000000087b00000, 0x0000000087b00000|100%| E|CS|TAMS 0x0000000087a00000, 0x0000000087a00000| Complete 
| 105|0x0000000087b00000, 0x0000000087c00000, 0x0000000087c00000|100%| S|CS|TAMS 0x0000000087b00000, 0x0000000087b00000| Complete 
| 106|0x0000000087c00000, 0x0000000087d00000, 0x0000000087d00000|100%| S|CS|TAMS 0x0000000087c00000, 0x0000000087c00000| Complete 
| 107|0x0000000087d00000, 0x0000000087e00000, 0x0000000087e00000|100%| S|CS|TAMS 0x0000000087d00000, 0x0000000087d00000| Complete 
| 108|0x0000000087e00000, 0x0000000087f00000, 0x0000000087f00000|100%| E|CS|TAMS 0x0000000087e00000, 0x0000000087e00000| Complete 
| 109|0x0000000087f00000, 0x0000000088000000, 0x0000000088000000|100%| E|CS|TAMS 0x0000000087f00000, 0x0000000087f00000| Complete 
| 110|0x0000000088000000, 0x0000000088100000, 0x0000000088100000|100%| E|CS|TAMS 0x0000000088000000, 0x0000000088000000| Complete 
| 111|0x0000000088100000, 0x0000000088200000, 0x0000000088200000|100%| E|CS|TAMS 0x0000000088100000, 0x0000000088100000| Complete 
| 112|0x0000000088200000, 0x0000000088300000, 0x0000000088300000|100%| E|CS|TAMS 0x0000000088200000, 0x0000000088200000| Complete 
| 113|0x0000000088300000, 0x0000000088400000, 0x0000000088400000|100%| E|CS|TAMS 0x0000000088300000, 0x0000000088300000| Complete 
| 114|0x0000000088400000, 0x0000000088500000, 0x0000000088500000|100%| E|CS|TAMS 0x0000000088400000, 0x0000000088400000| Complete 
| 115|0x0000000088500000, 0x0000000088600000, 0x0000000088600000|100%| E|CS|TAMS 0x0000000088500000, 0x0000000088500000| Complete 
| 116|0x0000000088600000, 0x0000000088700000, 0x0000000088700000|100%| E|CS|TAMS 0x0000000088600000, 0x0000000088600000| Complete 
| 117|0x0000000088700000, 0x0000000088800000, 0x0000000088800000|100%| E|CS|TAMS 0x0000000088700000, 0x0000000088700000| Complete 
| 118|0x0000000088800000, 0x0000000088900000, 0x0000000088900000|100%| E|CS|TAMS 0x0000000088800000, 0x0000000088800000| Complete 
| 119|0x0000000088900000, 0x0000000088a00000, 0x0000000088a00000|100%| E|CS|TAMS 0x0000000088900000, 0x0000000088900000| Complete 
| 120|0x0000000088a00000, 0x0000000088b00000, 0x0000000088b00000|100%| E|CS|TAMS 0x0000000088a00000, 0x0000000088a00000| Complete 
| 121|0x0000000088b00000, 0x0000000088c00000, 0x0000000088c00000|100%| E|CS|TAMS 0x0000000088b00000, 0x0000000088b00000| Complete 
| 122|0x0000000088c00000, 0x0000000088d00000, 0x0000000088d00000|100%| E|CS|TAMS 0x0000000088c00000, 0x0000000088c00000| Complete 
| 123|0x0000000088d00000, 0x0000000088e00000, 0x0000000088e00000|100%| E|CS|TAMS 0x0000000088d00000, 0x0000000088d00000| Complete 
| 124|0x0000000088e00000, 0x0000000088f00000, 0x0000000088f00000|100%| E|CS|TAMS 0x0000000088e00000, 0x0000000088e00000| Complete 
| 125|0x0000000088f00000, 0x0000000089000000, 0x0000000089000000|100%| E|CS|TAMS 0x0000000088f00000, 0x0000000088f00000| Complete 
| 126|0x0000000089000000, 0x0000000089100000, 0x0000000089100000|100%| E|CS|TAMS 0x0000000089000000, 0x0000000089000000| Complete 
| 127|0x0000000089100000, 0x0000000089200000, 0x0000000089200000|100%| E|CS|TAMS 0x0000000089100000, 0x0000000089100000| Complete 

Card table byte_map: [0x000002421a7c0000,0x000002421abc0000] _byte_map_base: 0x000002421a3b7000

Marking Bits (Prev, Next): (CMBitMap*) 0x0000024200e84d30, (CMBitMap*) 0x0000024200e84cf8
 Prev Bits: [0x000002421cf80000, 0x000002421ef38000)
 Next Bits: [0x000002421afc0000, 0x000002421cf78000)

Polling page: 0x00000242026d0000

Metaspace:

Usage:
  Non-class:     26.99 MB capacity,    26.64 MB ( 99%) used,   285.11 KB (  1%) free+waste,    72.19 KB ( <1%) overhead. 
      Class:      3.44 MB capacity,     3.19 MB ( 93%) used,   221.84 KB (  6%) free+waste,    34.69 KB ( <1%) overhead. 
       Both:     30.42 MB capacity,    29.82 MB ( 98%) used,   506.95 KB (  2%) free+waste,   106.88 KB ( <1%) overhead. 

Virtual space:
  Non-class space:       28.00 MB reserved,      27.00 MB ( 96%) committed 
      Class space:        1.00 GB reserved,       3.50 MB ( <1%) committed 
             Both:        1.03 GB reserved,      30.50 MB (  3%) committed 

Chunk freelists:
   Non-Class:  1.88 KB
       Class:  0 bytes
        Both:  1.88 KB

CodeHeap 'non-profiled nmethods': size=120000Kb used=2131Kb max_used=2131Kb free=117868Kb
 bounds [0x0000024212410000, 0x0000024212680000, 0x0000024219940000]
CodeHeap 'profiled nmethods': size=120000Kb used=8899Kb max_used=9051Kb free=111100Kb
 bounds [0x000002420aee0000, 0x000002420b7c0000, 0x0000024212410000]
CodeHeap 'non-nmethods': size=5760Kb used=1320Kb max_used=1368Kb free=4439Kb
 bounds [0x000002420a940000, 0x000002420abb0000, 0x000002420aee0000]
 total_blobs=6337 nmethods=4141 adapters=653
 compilation: enabled
              stopped_count=0, restarted_count=0
 full_count=0

Compilation events (10 events):
Event: 1191.932 Thread 0x0000024222315800 4494       3       java.awt.Component::setComponentOrientation (24 bytes)
Event: 1191.932 Thread 0x0000024222315800 nmethod 4494 0x000002420b0d8f10 code [0x000002420b0d9100, 0x000002420b0d9680]
Event: 1191.932 Thread 0x0000024222315800 4493       3       javax.swing.JLabel::setText (107 bytes)
Event: 1191.932 Thread 0x0000024222315800 nmethod 4493 0x000002420b2f3410 code [0x000002420b2f3680, 0x000002420b2f4120]
Event: 1191.940 Thread 0x0000024221a4c800 4495       4       javax.swing.JComponent::getInputMap (142 bytes)
Event: 1191.940 Thread 0x0000024222315800 4496       3       java.awt.GridBagLayout::lookupConstraints (39 bytes)
Event: 1191.940 Thread 0x0000024222315800 nmethod 4496 0x000002420b117510 code [0x000002420b117740, 0x000002420b117ec0]
Event: 1191.943 Thread 0x0000024221a4c800 nmethod 4495 0x00000242124dac10 code [0x00000242124dade0, 0x00000242124db148]
Event: 1191.956 Thread 0x0000024221a4c800 4497  s    4       java.util.Vector::elementAt (48 bytes)
Event: 1191.957 Thread 0x0000024221a4c800 nmethod 4497 0x00000242124cf290 code [0x00000242124cf420, 0x00000242124cf678]

GC Heap History (2 events):
Event: 101.464 GC heap before
{Heap before GC invocations=0 (full 0):
 garbage-first heap   total 131072K, used 23552K [0x0000000081200000, 0x0000000100000000)
  region size 1024K, 20 young (20480K), 0 survivors (0K)
 Metaspace       used 20666K, capacity 21134K, committed 21248K, reserved 1069056K
  class space    used 2262K, capacity 2476K, committed 2560K, reserved 1048576K
}
Event: 101.471 GC heap after
{Heap after GC invocations=1 (full 0):
 garbage-first heap   total 131072K, used 3763K [0x0000000081200000, 0x0000000100000000)
  region size 1024K, 3 young (3072K), 3 survivors (3072K)
 Metaspace       used 20666K, capacity 21134K, committed 21248K, reserved 1069056K
  class space    used 2262K, capacity 2476K, committed 2560K, reserved 1048576K
}

Deoptimization events (10 events):
Event: 847.611 Thread 0x0000024222797800 Uncommon trap: reason=unstable_if action=reinterpret pc=0x00000242125e0cb8 method=sun.java2d.SunGraphics2D.setDevClip(IIII)V @ 8 c2
Event: 847.791 Thread 0x0000024222797800 Uncommon trap: reason=class_check action=maybe_recompile pc=0x000002421258a580 method=sun.awt.im.InputMethodContext.dispatchEvent(Ljava/awt/AWTEvent;)V @ 11 c2
Event: 848.177 Thread 0x0000024222797800 Uncommon trap: reason=class_check action=maybe_recompile pc=0x000002421258a580 method=sun.awt.im.InputMethodContext.dispatchEvent(Ljava/awt/AWTEvent;)V @ 11 c2
Event: 848.339 Thread 0x0000024222797800 Uncommon trap: reason=class_check action=maybe_recompile pc=0x000002421258a580 method=sun.awt.im.InputMethodContext.dispatchEvent(Ljava/awt/AWTEvent;)V @ 11 c2
Event: 850.991 Thread 0x0000024222797800 Uncommon trap: reason=unstable_if action=reinterpret pc=0x0000024212422ed4 method=java.lang.StringLatin1.canEncode(I)Z @ 4 c2
Event: 1083.958 Thread 0x0000024222797800 Uncommon trap: reason=bimorphic_or_optimized_type_check action=maybe_recompile pc=0x00000242125c4a48 method=java.util.Hashtable.put(Ljava/lang/Object;Ljava/lang/Object;)Ljava/lang/Object; @ 60 c2
Event: 1083.958 Thread 0x0000024222797800 Uncommon trap: reason=bimorphic_or_optimized_type_check action=maybe_recompile pc=0x00000242125c4a48 method=java.util.Hashtable.put(Ljava/lang/Object;Ljava/lang/Object;)Ljava/lang/Object; @ 60 c2
Event: 1083.962 Thread 0x0000024222797800 Uncommon trap: reason=unstable_if action=reinterpret pc=0x000002421260f864 method=sun.font.FileFontStrike.getGlyphAdvance(IZ)F @ 3 c2
Event: 1083.962 Thread 0x0000024222797800 Uncommon trap: reason=unstable_if action=reinterpret pc=0x00000242125c2ae4 method=sun.font.FileFontStrike.getGlyphImagePtr(I)J @ 3 c2
Event: 1170.513 Thread 0x0000024222797800 Uncommon trap: reason=unstable_if action=reinterpret pc=0x000002421256f400 method=java.awt.LightweightDispatcher.processMouseEvent(Ljava/awt/event/MouseEvent;)Z @ 89 c2

Classes redefined (0 events):
No events

Internal exceptions (10 events):
Event: 0.666 Thread 0x0000024200e46000 Exception <a 'java/lang/NoSuchMethodError'{0x00000000884d3d58}: java.lang.invoke.DirectMethodHandle$Holder.invokeStaticInit(Ljava/lang/Object;)V> (0x00000000884d3d58) thrown at [t:/workspace/open/src/hotspot/share/interpreter/linkResolver.cpp, line 772]
Event: 0.670 Thread 0x0000024200e46000 Exception <a 'java/lang/NoSuchMethodError'{0x0000000088328ad8}: java.lang.invoke.Invokers$Holder.linkToTargetMethod(Ljava/lang/Object;ILjava/lang/Object;)Ljava/lang/Object;> (0x0000000088328ad8) thrown at [t:/workspace/open/src/hotspot/share/interpreter/l
Event: 208.134 Thread 0x0000024222797800 Exception <a 'java/lang/NoSuchMethodError'{0x0000000088702fb0}: java.lang.invoke.DirectMethodHandle$Holder.invokeStatic(Ljava/lang/Object;IIII)Ljava/lang/Object;> (0x0000000088702fb0) thrown at [t:/workspace/open/src/hotspot/share/interpreter/linkResolver
Event: 208.135 Thread 0x0000024222797800 Exception <a 'java/lang/NoSuchMethodError'{0x0000000088706618}: java.lang.invoke.DirectMethodHandle$Holder.invokeStaticInit(Ljava/lang/Object;IIII)Ljava/lang/Object;> (0x0000000088706618) thrown at [t:/workspace/open/src/hotspot/share/interpreter/linkReso
Event: 209.123 Thread 0x0000024222797800 Exception <a 'java/lang/NoSuchMethodError'{0x0000000088604478}: java.lang.invoke.DirectMethodHandle$Holder.invokeStatic(Ljava/lang/Object;Ljava/lang/Object;IIII)Ljava/lang/Object;> (0x0000000088604478) thrown at [t:/workspace/open/src/hotspot/share/interp
Event: 209.123 Thread 0x0000024222797800 Exception <a 'java/lang/NoSuchMethodError'{0x0000000088607d10}: java.lang.invoke.DirectMethodHandle$Holder.invokeStaticInit(Ljava/lang/Object;Ljava/lang/Object;IIII)Ljava/lang/Object;> (0x0000000088607d10) thrown at [t:/workspace/open/src/hotspot/share/in
Event: 209.156 Thread 0x0000024222797800 Exception <a 'java/lang/NoSuchMethodError'{0x00000000886aa888}: java.lang.invoke.DirectMethodHandle$Holder.invokeStaticInit(Ljava/lang/Object;Ljava/lang/Object;Ljava/lang/Object;Ljava/lang/Object;)I> (0x00000000886aa888) thrown at [t:/workspace/open/src/h
Event: 209.157 Thread 0x0000024222797800 Exception <a 'java/lang/NoSuchMethodError'{0x00000000886b6720}: java.lang.invoke.DirectMethodHandle$Holder.invokeStaticInit(Ljava/lang/Object;Ljava/lang/Object;)V> (0x00000000886b6720) thrown at [t:/workspace/open/src/hotspot/share/interpreter/linkResolve
Event: 209.157 Thread 0x0000024222797800 Exception <a 'java/lang/NoSuchMethodError'{0x00000000886bbe90}: java.lang.invoke.DirectMethodHandle$Holder.invokeStaticInit(Ljava/lang/Object;Ljava/lang/Object;)I> (0x00000000886bbe90) thrown at [t:/workspace/open/src/hotspot/share/interpreter/linkResolve
Event: 209.162 Thread 0x0000024222797800 Exception <a 'sun/nio/fs/WindowsException'{0x00000000886e5460}> (0x00000000886e5460) thrown at [t:/workspace/open/src/hotspot/share/prims/jni.cpp, line 615]

Events (10 events):
Event: 1188.248 Executing VM operation: RevokeBias
Event: 1188.248 Executing VM operation: RevokeBias done
Event: 1188.282 Executing VM operation: RevokeBias
Event: 1188.282 Executing VM operation: RevokeBias done
Event: 1191.936 Executing VM operation: RevokeBias
Event: 1191.936 Executing VM operation: RevokeBias done
Event: 1191.939 Executing VM operation: RevokeBias
Event: 1191.939 Executing VM operation: RevokeBias done
Event: 1191.965 Executing VM operation: RevokeBias
Event: 1191.965 Executing VM operation: RevokeBias done


Dynamic libraries:
0x00007ff626f00000 - 0x00007ff626f47000 	D:\Program Files (x86)\javadev\javadev\jdk-11.0.2\bin\javaw.exe
0x00007ffbcb6a0000 - 0x00007ffbcb890000 	C:\WINDOWS\SYSTEM32\ntdll.dll
0x00007ffbca1d0000 - 0x00007ffbca282000 	C:\WINDOWS\System32\KERNEL32.DLL
0x00007ffbc9440000 - 0x00007ffbc96e5000 	C:\WINDOWS\System32\KERNELBASE.dll
0x00007ffbc9750000 - 0x00007ffbc97f3000 	C:\WINDOWS\System32\ADVAPI32.dll
0x00007ffbc9ad0000 - 0x00007ffbc9b6e000 	C:\WINDOWS\System32\msvcrt.dll
0x00007ffbc9800000 - 0x00007ffbc9897000 	C:\WINDOWS\System32\sechost.dll
0x00007ffbca0b0000 - 0x00007ffbca1d0000 	C:\WINDOWS\System32\RPCRT4.dll
0x00007ffbca8f0000 - 0x00007ffbcaa84000 	C:\WINDOWS\System32\USER32.dll
0x00007ffbc8e20000 - 0x00007ffbc8e41000 	C:\WINDOWS\System32\win32u.dll
0x00007ffbca8c0000 - 0x00007ffbca8e6000 	C:\WINDOWS\System32\GDI32.dll
0x00007ffbc92a0000 - 0x00007ffbc9436000 	C:\WINDOWS\System32\gdi32full.dll
0x00007ffbc9200000 - 0x00007ffbc929e000 	C:\WINDOWS\System32\msvcp_win.dll
0x00007ffbc9050000 - 0x00007ffbc914a000 	C:\WINDOWS\System32\ucrtbase.dll
0x00007ffbbeed0000 - 0x00007ffbbeeda000 	C:\WINDOWS\SYSTEM32\VERSION.dll
0x00007ffbb74f0000 - 0x00007ffbb7774000 	C:\WINDOWS\WinSxS\amd64_microsoft.windows.common-controls_6595b64144ccf1df_6.0.18362.1256_none_9e7e379be45e40e2\COMCTL32.dll
0x00007ffbc9d70000 - 0x00007ffbca0a6000 	C:\WINDOWS\System32\combase.dll
0x00007ffbc8fc0000 - 0x00007ffbc9041000 	C:\WINDOWS\System32\bcryptPrimitives.dll
0x00007ffbca4d0000 - 0x00007ffbca4fe000 	C:\WINDOWS\System32\IMM32.DLL
0x00007ffbc1550000 - 0x00007ffbc1566000 	D:\Program Files (x86)\javadev\javadev\jdk-11.0.2\bin\vcruntime140.dll
0x00007ffba58b0000 - 0x00007ffba595a000 	D:\Program Files (x86)\javadev\javadev\jdk-11.0.2\bin\msvcp140.dll
0x00007ffb834a0000 - 0x00007ffb83fc7000 	D:\Program Files (x86)\javadev\javadev\jdk-11.0.2\bin\server\jvm.dll
0x00007ffbc9c80000 - 0x00007ffbc9c88000 	C:\WINDOWS\System32\PSAPI.DLL
0x00007ffbc5f90000 - 0x00007ffbc5fb4000 	C:\WINDOWS\SYSTEM32\WINMM.dll
0x00007ffbc5f60000 - 0x00007ffbc5f8d000 	C:\WINDOWS\SYSTEM32\winmmbase.dll
0x00007ffbc8610000 - 0x00007ffbc865a000 	C:\WINDOWS\System32\cfgmgr32.dll
0x00007ffbafab0000 - 0x00007ffbafab9000 	C:\WINDOWS\SYSTEM32\WSOCK32.dll
0x00007ffbcb5f0000 - 0x00007ffbcb65f000 	C:\WINDOWS\System32\WS2_32.dll
0x00007ffbc85a0000 - 0x00007ffbc85b1000 	C:\WINDOWS\System32\kernel.appcore.dll
0x00007ffb9fba0000 - 0x00007ffb9fbb1000 	D:\Program Files (x86)\javadev\javadev\jdk-11.0.2\bin\verify.dll
0x00007ffbc6e30000 - 0x00007ffbc7024000 	C:\WINDOWS\SYSTEM32\DBGHELP.DLL
0x00007ffbaec80000 - 0x00007ffbaecaa000 	C:\WINDOWS\SYSTEM32\dbgcore.DLL
0x00007ffb90650000 - 0x00007ffb90679000 	D:\Program Files (x86)\javadev\javadev\jdk-11.0.2\bin\java.dll
0x00007ffb9f600000 - 0x00007ffb9f616000 	D:\Program Files (x86)\javadev\javadev\jdk-11.0.2\bin\zip.dll
0x00007ffbad7e0000 - 0x00007ffbad7ea000 	D:\Program Files (x86)\javadev\javadev\jdk-11.0.2\bin\jimage.dll
0x00007ffbcaf00000 - 0x00007ffbcb5e7000 	C:\WINDOWS\System32\SHELL32.dll
0x00007ffbca650000 - 0x00007ffbca6f9000 	C:\WINDOWS\System32\shcore.dll
0x00007ffbc8690000 - 0x00007ffbc8e11000 	C:\WINDOWS\System32\windows.storage.dll
0x00007ffbc85c0000 - 0x00007ffbc85e3000 	C:\WINDOWS\System32\profapi.dll
0x00007ffbc8550000 - 0x00007ffbc859a000 	C:\WINDOWS\System32\powrprof.dll
0x00007ffbc8540000 - 0x00007ffbc8550000 	C:\WINDOWS\System32\UMPDC.dll
0x00007ffbca860000 - 0x00007ffbca8b2000 	C:\WINDOWS\System32\shlwapi.dll
0x00007ffbc8fa0000 - 0x00007ffbc8fb7000 	C:\WINDOWS\System32\cryptsp.dll
0x00007ffb94eb0000 - 0x00007ffb94ec9000 	D:\Program Files (x86)\javadev\javadev\jdk-11.0.2\bin\net.dll
0x00007ffbbcf30000 - 0x00007ffbbd106000 	C:\WINDOWS\SYSTEM32\urlmon.dll
0x00007ffbbefd0000 - 0x00007ffbbf0c0000 	C:\WINDOWS\SYSTEM32\WINHTTP.dll
0x00007ffbbcc80000 - 0x00007ffbbcf27000 	C:\WINDOWS\SYSTEM32\iertutil.dll
0x00007ffbc7f00000 - 0x00007ffbc7f0c000 	C:\WINDOWS\SYSTEM32\CRYPTBASE.DLL
0x00007ffbc7d30000 - 0x00007ffbc7d97000 	C:\WINDOWS\system32\mswsock.dll
0x00007ffb90630000 - 0x00007ffb90643000 	D:\Program Files (x86)\javadev\javadev\jdk-11.0.2\bin\nio.dll
0x00007ffb8d200000 - 0x00007ffb8d39f000 	D:\Program Files (x86)\javadev\javadev\jdk-11.0.2\bin\awt.dll
0x00007ffbca580000 - 0x00007ffbca645000 	C:\WINDOWS\System32\OLEAUT32.dll
0x00007ffbc4810000 - 0x00007ffbc4dd0000 	C:\WINDOWS\SYSTEM32\d2d1.dll
0x00007ffbc5ea0000 - 0x00007ffbc5f2f000 	C:\WINDOWS\SYSTEM32\apphelp.dll
0x00007ffbc6840000 - 0x00007ffbc686d000 	C:\WINDOWS\system32\DWMAPI.DLL
0x00007ffbc64e0000 - 0x00007ffbc6579000 	C:\WINDOWS\system32\uxtheme.dll
0x00007ffb8cb80000 - 0x00007ffb8ccd6000 	C:\WINDOWS\system32\opengl32.dll
0x00007ffbb82c0000 - 0x00007ffbb82ec000 	C:\WINDOWS\SYSTEM32\GLU32.dll
0x00007ffbc7180000 - 0x00007ffbc71a0000 	C:\WINDOWS\SYSTEM32\dxcore.dll
0x00007ffbc9970000 - 0x00007ffbc9aa5000 	C:\WINDOWS\System32\MSCTF.dll
0x00007ffbca700000 - 0x00007ffbca857000 	C:\WINDOWS\System32\ole32.dll
0x00007ffbbd550000 - 0x00007ffbbd717000 	C:\WINDOWS\system32\d3d9.dll
0x00007ffbbeee0000 - 0x00007ffbbefcf000 	C:\WINDOWS\System32\DriverStore\FileRepository\nvlt.inf_amd64_c8af195ee1543133\nvldumdx.dll
0x00007ffbc8e50000 - 0x00007ffbc8f99000 	C:\WINDOWS\System32\crypt32.dll
0x00007ffbc85f0000 - 0x00007ffbc8602000 	C:\WINDOWS\System32\MSASN1.dll
0x00007ffbbee30000 - 0x00007ffbbee5f000 	C:\WINDOWS\SYSTEM32\cryptnet.dll
0x00007ffbc96f0000 - 0x00007ffbc974c000 	C:\WINDOWS\System32\WINTRUST.DLL
0x00007ffbc9ab0000 - 0x00007ffbc9acd000 	C:\WINDOWS\System32\imagehlp.dll
0x00007ffbc78a0000 - 0x00007ffbc78d3000 	C:\WINDOWS\system32\rsaenh.dll
0x00007ffbc8660000 - 0x00007ffbc8686000 	C:\WINDOWS\System32\bcrypt.dll
0x00007ffb72b40000 - 0x00007ffb74047000 	C:\WINDOWS\System32\DriverStore\FileRepository\nvlt.inf_amd64_c8af195ee1543133\nvd3dumx.dll
0x00007ffb89d30000 - 0x00007ffb89fd7000 	C:\WINDOWS\system32\nvspcap64.dll
0x00007ffbc7580000 - 0x00007ffbc75b1000 	C:\WINDOWS\SYSTEM32\ntmarta.dll
0x00007ffbc7130000 - 0x00007ffbc7152000 	C:\WINDOWS\SYSTEM32\gpapi.dll
0x00007ffb95810000 - 0x00007ffb95890000 	D:\Program Files (x86)\javadev\javadev\jdk-11.0.2\bin\freetype.dll
0x00007ffb95070000 - 0x00007ffb950df000 	D:\Program Files (x86)\javadev\javadev\jdk-11.0.2\bin\fontmanager.dll
0x00007ffbc9bd0000 - 0x00007ffbc9c72000 	C:\WINDOWS\System32\clbcatq.dll
0x00007ffbc29f0000 - 0x00007ffbc2b9f000 	C:\WINDOWS\SYSTEM32\WindowsCodecs.dll
0x00007ffbbfad0000 - 0x00007ffbbfb0a000 	C:\WINDOWS\system32\dataexchange.dll
0x00007ffbc4e00000 - 0x00007ffbc505b000 	C:\WINDOWS\system32\d3d11.dll
0x00007ffbc54c0000 - 0x00007ffbc569d000 	C:\WINDOWS\system32\dcomp.dll
0x00007ffbc7210000 - 0x00007ffbc72fb000 	C:\WINDOWS\system32\dxgi.dll
0x00007ffbc65b0000 - 0x00007ffbc6812000 	C:\WINDOWS\system32\twinapi.appcore.dll
0x00007ffbc6ad0000 - 0x00007ffbc6af9000 	C:\WINDOWS\system32\RMCLIENT.dll
0x00007ffbbc9d0000 - 0x00007ffbbca6e000 	C:\WINDOWS\System32\TextInputFramework.dll
0x00007ffbc5a10000 - 0x00007ffbc5ae4000 	C:\WINDOWS\System32\CoreMessaging.dll
0x00007ffbc2de0000 - 0x00007ffbc310a000 	C:\WINDOWS\System32\CoreUIComponents.dll
0x00007ffbc36d0000 - 0x00007ffbc3823000 	C:\WINDOWS\SYSTEM32\wintypes.dll
0x00007ffb94ad0000 - 0x00007ffb94b8f000 	C:\WINDOWS\system32\msctfuimanager.dll
0x00007ffb86440000 - 0x00007ffb865f3000 	C:\WINDOWS\system32\DUI70.dll
0x00007ffba1ca0000 - 0x00007ffba1d33000 	C:\WINDOWS\system32\DUser.dll
0x00007ffb9af00000 - 0x00007ffb9b172000 	C:\WINDOWS\SYSTEM32\UIAutomationCore.dll
0x00007ffbc8380000 - 0x00007ffbc841d000 	C:\WINDOWS\SYSTEM32\sxs.dll
0x00007ffbc2bf0000 - 0x00007ffbc2c37000 	C:\WINDOWS\System32\UIAnimation.dll
0x00007ffbb73f0000 - 0x00007ffbb7455000 	C:\Windows\System32\oleacc.dll
0x00007ffba19a0000 - 0x00007ffba1c9e000 	C:\WINDOWS\system32\dwrite.dll
0x00007ffbadcd0000 - 0x00007ffbadd69000 	C:\WINDOWS\system32\directmanipulation.dll
0x00007ffbbf0c0000 - 0x00007ffbbf0f5000 	C:\WINDOWS\system32\xmllite.dll
0x00007ffba3d00000 - 0x00007ffba3d16000 	C:\WINDOWS\system32\napinsp.dll
0x00007ffba3c30000 - 0x00007ffba3c4a000 	C:\WINDOWS\system32\pnrpnsp.dll
0x00007ffbc7a80000 - 0x00007ffbc7b4b000 	C:\WINDOWS\SYSTEM32\DNSAPI.dll
0x00007ffbca500000 - 0x00007ffbca508000 	C:\WINDOWS\System32\NSI.dll
0x00007ffbc7a40000 - 0x00007ffbc7a7a000 	C:\WINDOWS\SYSTEM32\IPHLPAPI.DLL
0x00007ffbadcc0000 - 0x00007ffbadcce000 	C:\WINDOWS\System32\winrnr.dll
0x00007ffbc4120000 - 0x00007ffbc413c000 	C:\WINDOWS\system32\NLAapi.dll
0x00007ffbc3610000 - 0x00007ffbc3625000 	C:\WINDOWS\system32\wshbth.dll
0x00007ffbc0730000 - 0x00007ffbc073a000 	C:\Windows\System32\rasadhlp.dll
0x00007ffbbde50000 - 0x00007ffbbdec7000 	C:\WINDOWS\System32\fwpuclnt.dll
0x00007ffbc8420000 - 0x00007ffbc8445000 	C:\WINDOWS\SYSTEM32\USERENV.dll
0x00007ffbbe7e0000 - 0x00007ffbbe7f6000 	C:\WINDOWS\SYSTEM32\dhcpcsvc6.DLL
0x00007ffbbb840000 - 0x00007ffbbb85c000 	C:\WINDOWS\SYSTEM32\dhcpcsvc.DLL
0x00007ffba40b0000 - 0x00007ffba40bd000 	D:\Program Files (x86)\javadev\javadev\jdk-11.0.2\bin\sunmscapi.dll
0x00007ffbc8060000 - 0x00007ffbc8086000 	C:\WINDOWS\SYSTEM32\ncrypt.dll
0x00007ffbc8020000 - 0x00007ffbc805b000 	C:\WINDOWS\SYSTEM32\NTASN1.dll
0x00007ffb88970000 - 0x00007ffb88997000 	D:\Program Files (x86)\javadev\javadev\jdk-11.0.2\bin\sunec.dll
0x00007ffbb70c0000 - 0x00007ffbb70ed000 	D:\Program Files (x86)\javadev\javadev\jdk-11.0.2\bin\javajpeg.dll
0x00007ffbbffe0000 - 0x00007ffbc0721000 	C:\WINDOWS\SYSTEM32\D3D10Warp.dll

dbghelp: loaded successfully - version: 4.0.5 - missing functions: none
symbol engine: initialized successfully - sym options: 0x614 - pdb path: .;D:\Program Files (x86)\javadev\javadev\jdk-11.0.2\bin;C:\WINDOWS\SYSTEM32;C:\WINDOWS\WinSxS\amd64_microsoft.windows.common-controls_6595b64144ccf1df_6.0.18362.1256_none_9e7e379be45e40e2;D:\Program Files (x86)\javadev\javadev\jdk-11.0.2\bin\server;C:\WINDOWS\System32\DriverStore\FileRepository\nvlt.inf_amd64_c8af195ee1543133

VM Arguments:
jvm_args: -Dfile.encoding=GBK --module-path=D:\Program Files (x86)\javadev\workplace\ktvManger\lib\mssql-jdbc-7.0.0.jre8.jar 
java_command: main.Test_ktv_Manager
java_class_path (initial): D:\Program Files (x86)\javadev\workplace\ktvManger\bin
Launcher Type: SUN_STANDARD

[Global flags]
     intx CICompilerCount                          = 4                                         {product} {ergonomic}
     uint ConcGCThreads                            = 2                                         {product} {ergonomic}
     uint G1ConcRefinementThreads                  = 8                                         {product} {ergonomic}
   size_t G1HeapRegionSize                         = 1048576                                   {product} {ergonomic}
    uintx GCDrainStackTargetSize                   = 64                                        {product} {ergonomic}
   size_t InitialHeapSize                          = 134217728                                 {product} {ergonomic}
   size_t MarkStackSize                            = 4194304                                   {product} {ergonomic}
   size_t MaxHeapSize                              = 2128609280                                {product} {ergonomic}
   size_t MaxNewSize                               = 1277165568                                {product} {ergonomic}
   size_t MinHeapDeltaBytes                        = 1048576                                   {product} {ergonomic}
    uintx NonNMethodCodeHeapSize                   = 5835340                                {pd product} {ergonomic}
    uintx NonProfiledCodeHeapSize                  = 122911450                              {pd product} {ergonomic}
    uintx ProfiledCodeHeapSize                     = 122911450                              {pd product} {ergonomic}
    uintx ReservedCodeCacheSize                    = 251658240                              {pd product} {ergonomic}
     bool SegmentedCodeCache                       = true                                      {product} {ergonomic}
     bool UseCompressedClassPointers               = true                                 {lp64_product} {ergonomic}
     bool UseCompressedOops                        = true                                 {lp64_product} {ergonomic}
     bool UseG1GC                                  = true                                      {product} {ergonomic}
     bool UseLargePagesIndividualAllocation        = false                                  {pd product} {ergonomic}

Logging:
Log output configuration:
 #0: stdout all=warning uptime,level,tags
 #1: stderr all=off uptime,level,tags

Environment Variables:
JAVA_HOME=D:\Program Files (x86)\javadev\javadev\jdk-11.0.2
JRE_HOME=C:\Program Files\Java\jre1.8.0_91
PATH=D:/Program Files (x86)/javadev/javadev/jdk-11.0.2/bin/server;D:/Program Files (x86)/javadev/javadev/jdk-11.0.2/bin;D:\Program Files (x86)\javadev\javadev\jdk-11.0.2\bin;D:\Program Files (x86)\javadev\javadev\eclipse;
USERNAME=11842
OS=Windows_NT
PROCESSOR_IDENTIFIER=Intel64 Family 6 Model 158 Stepping 10, GenuineIntel



---------------  S Y S T E M  ---------------

OS: Windows 10 , 64 bit Build 18362 (10.0.18362.1110)

CPU:total 8 (initial active 8) (4 cores per cpu, 2 threads per core) family 6 model 158 stepping 10, cmov, cx8, fxsr, mmx, sse, sse2, sse3, ssse3, sse4.1, sse4.2, popcnt, avx, avx2, aes, clmul, erms, 3dnowpref, lzcnt, ht, tsc, tscinvbit, bmi1, bmi2, adx, fma

Memory: 4k page, system-wide physical 8112M (1978M free)
TotalPageFile size 12976M (AvailPageFile size 1596M)
current process WorkingSet (physical memory assigned to process): 209M, peak: 210M
current process commit charge ("private bytes"): 471M, peak: 471M

vm_info: Java HotSpot(TM) 64-Bit Server VM (11.0.2+9-LTS) for windows-amd64 JRE (11.0.2+9-LTS), built on Jan 18 2019 05:24:10 by "mach5one" with MS VC++ 15.5 (VS2017)

END.
